2023/10/03 07:29:18 dev: map[0-000500:48 0-000C00:48 0-001300:48 0-001800:48 1-000500:48 1-000C00:48 1-001300:48 1-001800:48]
2023/10/03 07:29:18 reconfig event: Pod, falcon-pod-01, Reconfig
2023/10/03 07:29:18 reconfig event: Pod, falcon-pod-01, Reconfig
skip because of err: pods "falcon-pod-01" not found
skip because of err: pods "falcon-pod-01" not found
2023/10/03 07:29:18 reconfig event: Pod, falcon-pod-01, Reconfig
skip because of err: pods "falcon-pod-01" not found
2023/10/03 07:29:18 reconfig event: Pod, falcon-pod-03, Reconfig
2023/10/03 07:29:18 reconfig event: Pod, falcon-pod-03, Reconfig
skip because of err: pods "falcon-pod-03" not found
2023/10/03 07:29:18 reconfig event: Pod, falcon-pod-03, Reconfig
skip because of err: pods "falcon-pod-03" not found
skip because of err: pods "falcon-pod-03" not found
2023/10/03 07:33:13 reconfig event: Pod, falcon-pod-01, Reconfig
already scheduled or done 
2023/10/03 07:34:12 reconfig event: Pod, falcon-pod-03, Reconfig
2023/10/03 07:34:12 pod name: falcon-pod-01, pod status: Succeeded
2023/10/03 07:34:12 pod name: falcon-pod-02, pod status: Running
getGID in falcon-pod-02, default
2023/10/03 07:34:16 ready for reconfig
2023/10/03 07:34:16 start to reconfig...
2023/10/03 07:34:16 dst: css-host-129, require: 4
2023/10/03 07:34:21 dev: map[0-000500:48 0-000C00:48 0-001300:48 0-001800:48 1-000500:48 1-000C00:48 1-001300:48 1-001800:48]
2023/10/03 07:34:21 usedGPUs: map[0-000500:{} 0-000C00:{} 0-001300:{} 0-001800:{}], optionGPUs: [{1-001800 48 0} {1-000C00 48 0} {1-000500 48 0} {1-001300 48 0}]
2023/10/03 07:34:21 unassign -> gep: 0, dev_gid: 001800, endpoint: http://9.2.130.148:80/h3api/v1/allocation
&{{"gep" : "0", "dev_gid" : "001800"} 0 -1}
2023/10/03 07:34:28 unassign result: true
2023/10/03 07:34:28 assign -> gep: 0, port_gid: 00h, dev_gid: 001800, endpoint: http://9.2.130.148:80/h3api/v1/allocation
2023/10/03 07:34:44 assign result: false
&{{"gep" : "0", "dev_gid" : "000C00"} 0 -1}
2023/10/03 07:34:49 assign double check result: true
2023/10/03 07:34:49 current demand: 3
2023/10/03 07:34:49 unassign -> gep: 0, dev_gid: 000C00, endpoint: http://9.2.130.148:80/h3api/v1/allocation
2023/10/03 07:34:56 unassign result: true
2023/10/03 07:34:56 assign -> gep: 0, port_gid: 00h, dev_gid: 000C00, endpoint: http://9.2.130.148:80/h3api/v1/allocation
2023/10/03 07:35:11 assign result: false
2023/10/03 07:35:16 assign double check result: true
2023/10/03 07:35:16 current demand: 2
2023/10/03 07:35:16 unassign -> gep: 0, dev_gid: 000500, endpoint: http://9.2.130.148:80/h3api/v1/allocation
&{{"gep" : "0", "dev_gid" : "000500"} 0 -1}
2023/10/03 07:35:22 unassign result: true
2023/10/03 07:35:22 assign -> gep: 0, port_gid: 00h, dev_gid: 000500, endpoint: http://9.2.130.148:80/h3api/v1/allocation
2023/10/03 07:35:38 assign result: false
&{{"gep" : "0", "dev_gid" : "001300"} 0 -1}
2023/10/03 07:35:44 assign double check result: true
2023/10/03 07:35:44 current demand: 1
2023/10/03 07:35:44 unassign -> gep: 0, dev_gid: 001300, endpoint: http://9.2.130.148:80/h3api/v1/allocation
2023/10/03 07:35:50 unassign result: true
2023/10/03 07:35:50 assign -> gep: 0, port_gid: 00h, dev_gid: 001300, endpoint: http://9.2.130.148:80/h3api/v1/allocation
2023/10/03 07:36:06 assign result: false
2023/10/03 07:36:11 assign double check result: true
2023/10/03 07:36:11 current demand: 0
2023/10/03 07:36:11 reconfig result: true
2023/10/03 07:37:03 reconfig event: Pod, falcon-pod-03, Reconfig
already scheduled or done 
2023/10/03 07:39:46 reconfig event: Pod, falcon-pod-01, Reconfig
already scheduled or done 
2023/10/03 07:42:08 reconfig event: Pod, falcon-pod-03, Reconfig
already scheduled or done 
2023/10/03 07:44:52 reconfig event: Pod, falcon-pod-01, Reconfig
already scheduled or done 
2023/10/03 07:47:30 reconfig event: Pod, falcon-pod-03, Reconfig
skip because of err: pods "falcon-pod-03" not found
2023/10/03 07:49:36 reconfig event: Pod, falcon-pod-01, Reconfig
2023/10/03 07:49:38 ready for reconfig
2023/10/03 07:49:39 start to reconfig...
2023/10/03 07:49:39 dst: css-host-128, require: 3
&{{"gep" : "0", "dev_gid" : "001800"} 0 -1}
2023/10/03 07:49:42 dev: map[0-000500:48 0-000C00:48 0-001300:48 0-001800:48 1-000500:0 1-000C00:0 1-001300:0 1-001800:0]
2023/10/03 07:49:42 usedGPUs: map[], optionGPUs: [{1-001800 0 0} {1-000C00 0 0} {1-000500 0 0} {1-001300 0 0}]
2023/10/03 07:49:42 unassign -> gep: 0, dev_gid: 001800, endpoint: http://9.2.130.148:80/h3api/v1/allocation
2023/10/03 07:49:51 unassign result: true
2023/10/03 07:49:51 assign -> gep: 0, port_gid: 30h, dev_gid: 001800, endpoint: http://9.2.130.148:80/h3api/v1/allocation
2023/10/03 07:50:07 assign result: false
&{{"gep" : "0", "dev_gid" : "000C00"} 0 -1}
2023/10/03 07:50:12 assign double check result: true
2023/10/03 07:50:12 current demand: 2
2023/10/03 07:50:12 unassign -> gep: 0, dev_gid: 000C00, endpoint: http://9.2.130.148:80/h3api/v1/allocation
2023/10/03 07:50:18 unassign result: true
2023/10/03 07:50:18 assign -> gep: 0, port_gid: 30h, dev_gid: 000C00, endpoint: http://9.2.130.148:80/h3api/v1/allocation
2023/10/03 07:50:34 assign result: false
&{{"gep" : "0", "dev_gid" : "000500"} 0 -1}
2023/10/03 07:50:39 assign double check result: true
2023/10/03 07:50:39 current demand: 1
2023/10/03 07:50:39 unassign -> gep: 0, dev_gid: 000500, endpoint: http://9.2.130.148:80/h3api/v1/allocation
2023/10/03 07:50:45 unassign result: true
2023/10/03 07:50:45 assign -> gep: 0, port_gid: 30h, dev_gid: 000500, endpoint: http://9.2.130.148:80/h3api/v1/allocation
2023/10/03 07:51:01 assign result: false
2023/10/03 07:51:06 assign double check result: true
2023/10/03 07:51:06 current demand: 0
2023/10/03 07:51:06 reconfig result: true
2023/10/03 07:54:39 reconfig event: Pod, falcon-pod-03, Reconfig
2023/10/03 07:54:39 pod name: falcon-pod-01, pod status: Succeeded
2023/10/03 07:54:39 pod name: falcon-pod-02, pod status: Running
getGID in falcon-pod-02, default
2023/10/03 07:54:43 ready for reconfig
2023/10/03 07:54:43 start to reconfig...
2023/10/03 07:54:43 dst: css-host-129, require: 3
&{{"gep" : "0", "dev_gid" : "000C00"} 0 -1}
2023/10/03 07:54:46 dev: map[0-000500:48 0-000C00:48 0-001300:48 0-001800:48 1-000500:48 1-000C00:48 1-001300:0 1-001800:48]
2023/10/03 07:54:46 usedGPUs: map[0-001300:{} 0-001800:{} 1-000500:{} 1-000C00:{}], optionGPUs: [{0-000C00 48 0} {0-000500 48 0} {1-001800 48 0}]
2023/10/03 07:54:46 unassign -> gep: 0, dev_gid: 000C00, endpoint: http://9.2.130.147:80/h3api/v1/allocation
2023/10/03 07:54:54 unassign result: true
2023/10/03 07:54:54 assign -> gep: 0, port_gid: 00h, dev_gid: 000C00, endpoint: http://9.2.130.147:80/h3api/v1/allocation
2023/10/03 07:55:09 assign result: false
2023/10/03 07:55:14 assign double check result: true
2023/10/03 07:55:14 current demand: 2
2023/10/03 07:55:14 unassign -> gep: 0, dev_gid: 000500, endpoint: http://9.2.130.147:80/h3api/v1/allocation
&{{"gep" : "0", "dev_gid" : "000500"} 0 -1}
2023/10/03 07:55:21 unassign result: true
2023/10/03 07:55:21 assign -> gep: 0, port_gid: 00h, dev_gid: 000500, endpoint: http://9.2.130.147:80/h3api/v1/allocation
2023/10/03 07:55:37 assign result: false
2023/10/03 07:55:42 assign double check result: true
2023/10/03 07:55:42 current demand: 1
2023/10/03 07:55:42 unassign -> gep: 0, dev_gid: 001800, endpoint: http://9.2.130.148:80/h3api/v1/allocation
&{{"gep" : "0", "dev_gid" : "001800"} 0 -1}
2023/10/03 07:55:50 unassign result: true
2023/10/03 07:55:50 assign -> gep: 0, port_gid: 00h, dev_gid: 001800, endpoint: http://9.2.130.148:80/h3api/v1/allocation
2023/10/03 07:56:05 assign result: false
2023/10/03 07:56:11 assign double check result: true
2023/10/03 07:56:11 current demand: 0
2023/10/03 07:56:11 reconfig result: true
2023/10/03 07:57:32 reconfig event: Pod, falcon-pod-01, Reconfig
2023/10/03 07:57:35 ready for reconfig
2023/10/03 07:57:35 start to reconfig...
2023/10/03 07:57:35 dst: css-host-128, require: 3
&{{"gep" : "0", "dev_gid" : "001300"} 0 -1}
2023/10/03 07:57:39 dev: map[0-000500:0 0-000C00:0 0-001300:48 0-001800:48 1-000500:48 1-000C00:48 1-001300:0 1-001800:0]
2023/10/03 07:57:39 usedGPUs: map[], optionGPUs: [{1-001300 0 0} {1-001800 0 0} {0-000C00 0 0} {0-000500 0 0}]
2023/10/03 07:57:39 unassign -> gep: 0, dev_gid: 001300, endpoint: http://9.2.130.148:80/h3api/v1/allocation
2023/10/03 07:57:46 unassign result: true
2023/10/03 07:57:46 assign -> gep: 0, port_gid: 30h, dev_gid: 001300, endpoint: http://9.2.130.148:80/h3api/v1/allocation
2023/10/03 07:58:02 assign result: false
2023/10/03 07:58:08 assign double check result: true
2023/10/03 07:58:08 current demand: 2
2023/10/03 07:58:08 unassign -> gep: 0, dev_gid: 001800, endpoint: http://9.2.130.148:80/h3api/v1/allocation
&{{"gep" : "0", "dev_gid" : "001800"} 0 -1}
2023/10/03 07:58:14 unassign result: true
2023/10/03 07:58:14 assign -> gep: 0, port_gid: 30h, dev_gid: 001800, endpoint: http://9.2.130.148:80/h3api/v1/allocation
2023/10/03 07:58:30 assign result: false
&{{"gep" : "0", "dev_gid" : "000C00"} 0 -1}
2023/10/03 07:58:35 assign double check result: true
2023/10/03 07:58:35 current demand: 1
2023/10/03 07:58:35 unassign -> gep: 0, dev_gid: 000C00, endpoint: http://9.2.130.147:80/h3api/v1/allocation
2023/10/03 07:58:44 unassign result: true
2023/10/03 07:58:44 assign -> gep: 0, port_gid: 30h, dev_gid: 000C00, endpoint: http://9.2.130.147:80/h3api/v1/allocation
2023/10/03 07:58:59 assign result: false
2023/10/03 07:59:05 assign double check result: true
2023/10/03 07:59:05 current demand: 0
2023/10/03 07:59:05 reconfig result: true
2023/10/03 08:02:49 reconfig event: Pod, falcon-pod-03, Reconfig
2023/10/03 08:02:49 pod name: falcon-pod-01, pod status: Succeeded
2023/10/03 08:02:49 pod name: falcon-pod-02, pod status: Running
getGID in falcon-pod-02, default
2023/10/03 08:02:53 ready for reconfig
2023/10/03 08:02:53 start to reconfig...
2023/10/03 08:02:53 dst: css-host-129, require: 3
&{{"gep" : "0", "dev_gid" : "001300"} 0 -1}
2023/10/03 08:02:57 dev: map[0-000500:0 0-000C00:48 0-001300:48 0-001800:48 1-000500:48 1-000C00:48 1-001300:48 1-001800:48]
2023/10/03 08:02:57 usedGPUs: map[0-000C00:{} 0-001300:{} 0-001800:{} 1-000500:{}], optionGPUs: [{1-001300 48 0} {1-001800 48 0} {1-000C00 48 0}]
2023/10/03 08:02:57 unassign -> gep: 0, dev_gid: 001300, endpoint: http://9.2.130.148:80/h3api/v1/allocation
2023/10/03 08:03:04 unassign result: true
2023/10/03 08:03:04 assign -> gep: 0, port_gid: 00h, dev_gid: 001300, endpoint: http://9.2.130.148:80/h3api/v1/allocation
2023/10/03 08:03:20 assign result: false
2023/10/03 08:03:25 assign double check result: true
2023/10/03 08:03:25 current demand: 2
2023/10/03 08:03:25 unassign -> gep: 0, dev_gid: 001800, endpoint: http://9.2.130.148:80/h3api/v1/allocation
&{{"gep" : "0", "dev_gid" : "001800"} 0 -1}
2023/10/03 08:03:32 unassign result: true
2023/10/03 08:03:32 assign -> gep: 0, port_gid: 00h, dev_gid: 001800, endpoint: http://9.2.130.148:80/h3api/v1/allocation
2023/10/03 08:03:47 assign result: false
2023/10/03 08:03:52 assign double check result: true
2023/10/03 08:03:52 current demand: 1
&{{"gep" : "0", "dev_gid" : "000C00"} 0 -1}
2023/10/03 08:03:52 unassign -> gep: 0, dev_gid: 000C00, endpoint: http://9.2.130.148:80/h3api/v1/allocation
2023/10/03 08:03:58 unassign result: true
2023/10/03 08:03:58 assign -> gep: 0, port_gid: 00h, dev_gid: 000C00, endpoint: http://9.2.130.148:80/h3api/v1/allocation
2023/10/03 08:04:14 assign result: false
2023/10/03 08:04:19 assign double check result: true
2023/10/03 08:04:19 current demand: 0
2023/10/03 08:04:19 reconfig result: true
2023/10/03 08:06:44 reconfig event: Pod, falcon-pod-01, Reconfig
2023/10/03 08:06:47 ready for reconfig
2023/10/03 08:06:48 start to reconfig...
2023/10/03 08:06:48 dst: css-host-128, require: 3
2023/10/03 08:06:51 dev: map[0-000500:0 0-000C00:48 0-001300:48 0-001800:48 1-000500:48 1-000C00:0 1-001300:0 1-001800:0]
2023/10/03 08:06:51 usedGPUs: map[], optionGPUs: [{0-000500 0 0} {1-001300 0 0} {1-001800 0 0} {1-000C00 0 0}]
2023/10/03 08:06:51 unassign -> gep: 0, dev_gid: 000500, endpoint: http://9.2.130.147:80/h3api/v1/allocation
&{{"gep" : "0", "dev_gid" : "000500"} 0 -1}
2023/10/03 08:06:58 unassign result: true
2023/10/03 08:06:58 assign -> gep: 0, port_gid: 30h, dev_gid: 000500, endpoint: http://9.2.130.147:80/h3api/v1/allocation
2023/10/03 08:07:14 assign result: false
2023/10/03 08:07:19 assign double check result: true
2023/10/03 08:07:19 current demand: 2
2023/10/03 08:07:19 unassign -> gep: 0, dev_gid: 001300, endpoint: http://9.2.130.148:80/h3api/v1/allocation
&{{"gep" : "0", "dev_gid" : "001300"} 0 -1}
2023/10/03 08:07:26 unassign result: true
2023/10/03 08:07:26 assign -> gep: 0, port_gid: 30h, dev_gid: 001300, endpoint: http://9.2.130.148:80/h3api/v1/allocation
2023/10/03 08:07:42 assign result: false
2023/10/03 08:07:47 assign double check result: true
2023/10/03 08:07:47 current demand: 1
2023/10/03 08:07:47 unassign -> gep: 0, dev_gid: 001800, endpoint: http://9.2.130.148:80/h3api/v1/allocation
&{{"gep" : "0", "dev_gid" : "001800"} 0 -1}
2023/10/03 08:07:53 unassign result: true
2023/10/03 08:07:53 assign -> gep: 0, port_gid: 30h, dev_gid: 001800, endpoint: http://9.2.130.148:80/h3api/v1/allocation
2023/10/03 08:08:10 assign result: false
2023/10/03 08:08:15 assign double check result: true
2023/10/03 08:08:15 current demand: 0
2023/10/03 08:08:15 reconfig result: true
panic: runtime error: invalid memory address or nil pointer dereference
[signal SIGSEGV: segmentation violation code=0x1 addr=0x178 pc=0x1313348]

goroutine 1 [running]:
main.main()
	/home/lsalab/gpupool-with-k8s/reconfig_daemon/main.go:564 +0x208
