I1003 07:49:35.987790       1 log.go:194] falcon-pod-01 in Prefilter
I1003 07:49:35.988333       1 log.go:194] falcon-pod-01 requires 7 gpu(s), and currently has 8 gpus(s) in total
I1003 07:49:35.996620       1 log.go:194] css-host-129 has 4 gpu, falcon-pod-01 requires 7 gpu -> score: -3
I1003 07:49:35.996717       1 log.go:194] css-host-128 has 4 gpu, falcon-pod-01 requires 7 gpu -> score: -3
I1003 07:49:36.008228       1 event.go:307] "Event occurred" object="default/falcon-pod-01" fieldPath="" kind="Pod" apiVersion="v1" type="Normal" reason="Reconfig" message="Pod falcon-pod-01 needs reconfiguration"
I1003 07:51:08.162656       1 schedule_one.go:252] "Successfully bound pod to node" pod="default/falcon-pod-01" node="css-host-128" evaluatedNodes=2 feasibleNodes=2
I1003 07:54:12.062439       1 log.go:194] falcon-pod-02 in Prefilter
I1003 07:54:12.062948       1 log.go:194] falcon-pod-02 requires 4 gpu(s), and currently has 8 gpus(s) in total
I1003 07:54:12.070507       1 log.go:194] css-host-128 has 7 gpu, falcon-pod-02 requires 4 gpu -> score: 57
I1003 07:54:12.070532       1 log.go:194] css-host-129 has 1 gpu, falcon-pod-02 requires 4 gpu -> score: -3
I1003 07:54:12.078500       1 schedule_one.go:252] "Successfully bound pod to node" pod="default/falcon-pod-02" node="css-host-128" evaluatedNodes=2 feasibleNodes=2
I1003 07:54:39.755644       1 log.go:194] falcon-pod-03 in Prefilter
I1003 07:54:39.756099       1 log.go:194] falcon-pod-03 requires 4 gpu(s), and currently has 4 gpus(s) in total
I1003 07:54:39.774568       1 event.go:307] "Event occurred" object="default/falcon-pod-03" fieldPath="" kind="Pod" apiVersion="v1" type="Normal" reason="Reconfig" message="Pod falcon-pod-03 needs reconfiguration"
I1003 07:56:13.764131       1 schedule_one.go:252] "Successfully bound pod to node" pod="default/falcon-pod-03" node="css-host-129" evaluatedNodes=2 feasibleNodes=1
I1003 07:57:32.515339       1 log.go:194] falcon-pod-01 in Prefilter
I1003 07:57:32.516049       1 log.go:194] falcon-pod-01 requires 7 gpu(s), and currently has 8 gpus(s) in total
I1003 07:57:32.523143       1 log.go:194] css-host-128 has 4 gpu, falcon-pod-01 requires 7 gpu -> score: -3
I1003 07:57:32.523194       1 log.go:194] css-host-129 has 4 gpu, falcon-pod-01 requires 7 gpu -> score: -3
I1003 07:57:32.534694       1 event.go:307] "Event occurred" object="default/falcon-pod-01" fieldPath="" kind="Pod" apiVersion="v1" type="Normal" reason="Reconfig" message="Pod falcon-pod-01 needs reconfiguration"
I1003 07:59:09.718361       1 schedule_one.go:252] "Successfully bound pod to node" pod="default/falcon-pod-01" node="css-host-128" evaluatedNodes=2 feasibleNodes=2
I1003 08:00:18.093310       1 log.go:194] falcon-pod-02 in Prefilter
I1003 08:00:18.093651       1 log.go:194] falcon-pod-02 requires 4 gpu(s), and currently has 8 gpus(s) in total
I1003 08:00:18.100849       1 log.go:194] css-host-128 has 7 gpu, falcon-pod-02 requires 4 gpu -> score: 57
I1003 08:00:18.100888       1 log.go:194] css-host-129 has 1 gpu, falcon-pod-02 requires 4 gpu -> score: -3
I1003 08:00:18.114767       1 schedule_one.go:252] "Successfully bound pod to node" pod="default/falcon-pod-02" node="css-host-128" evaluatedNodes=2 feasibleNodes=2
I1003 08:02:49.707953       1 log.go:194] falcon-pod-03 in Prefilter
I1003 08:02:49.708579       1 log.go:194] falcon-pod-03 requires 4 gpu(s), and currently has 4 gpus(s) in total
I1003 08:02:49.728485       1 event.go:307] "Event occurred" object="default/falcon-pod-03" fieldPath="" kind="Pod" apiVersion="v1" type="Normal" reason="Reconfig" message="Pod falcon-pod-03 needs reconfiguration"
I1003 08:04:23.671241       1 schedule_one.go:252] "Successfully bound pod to node" pod="default/falcon-pod-03" node="css-host-129" evaluatedNodes=2 feasibleNodes=1
I1003 08:06:44.810838       1 log.go:194] falcon-pod-01 in Prefilter
I1003 08:06:44.811382       1 log.go:194] falcon-pod-01 requires 7 gpu(s), and currently has 8 gpus(s) in total
I1003 08:06:44.816544       1 log.go:194] css-host-128 has 4 gpu, falcon-pod-01 requires 7 gpu -> score: -3
I1003 08:06:44.816579       1 log.go:194] css-host-129 has 4 gpu, falcon-pod-01 requires 7 gpu -> score: -3
I1003 08:06:44.843195       1 event.go:307] "Event occurred" object="default/falcon-pod-01" fieldPath="" kind="Pod" apiVersion="v1" type="Normal" reason="Reconfig" message="Pod falcon-pod-01 needs reconfiguration"
I1003 08:08:22.459331       1 schedule_one.go:252] "Successfully bound pod to node" pod="default/falcon-pod-01" node="css-host-128" evaluatedNodes=2 feasibleNodes=2
I1003 08:09:23.003346       1 log.go:194] falcon-pod-02 in Prefilter
I1003 08:09:23.003826       1 log.go:194] falcon-pod-02 requires 4 gpu(s), and currently has 8 gpus(s) in total
I1003 08:09:23.010263       1 log.go:194] css-host-128 has 7 gpu, falcon-pod-02 requires 4 gpu -> score: 57
I1003 08:09:23.010299       1 log.go:194] css-host-129 has 1 gpu, falcon-pod-02 requires 4 gpu -> score: -3
I1003 08:09:23.018846       1 schedule_one.go:252] "Successfully bound pod to node" pod="default/falcon-pod-02" node="css-host-128" evaluatedNodes=2 feasibleNodes=2
I1003 08:09:51.451055       1 log.go:194] falcon-pod-03 in Prefilter
I1003 08:09:51.451551       1 log.go:194] falcon-pod-03 requires 4 gpu(s), and currently has 4 gpus(s) in total
I1003 08:09:51.472297       1 event.go:307] "Event occurred" object="default/falcon-pod-03" fieldPath="" kind="Pod" apiVersion="v1" type="Normal" reason="Reconfig" message="Pod falcon-pod-03 needs reconfiguration"
I1003 08:11:32.854624       1 schedule_one.go:252] "Successfully bound pod to node" pod="default/falcon-pod-03" node="css-host-129" evaluatedNodes=2 feasibleNodes=1
