Events:
  Type     Reason     Age   From          Message
  ----     ------     ----  ----          -------
  Normal   Scheduled  36s   my-scheduler  Successfully assigned default/falcon-pod-398210 to css-host-129
  Normal   Pulled     36s   kubelet       Container image "gpu-test:test" already present on machine
  Normal   Created    36s   kubelet       Created container falcon-pod-398210
  Warning  Failed     34s   kubelet       Error: failed to start container "falcon-pod-398210": Error response from daemon: failed to create shim task: OCI runtime create failed: runc create failed: unable to start container process: error during container init: error running hook #0: error running hook: exit status 1, stdout: , stderr: Auto-detected mode as 'legacy'
nvidia-container-cli: detection error: nvml error: unknown error: unknown

I0917 02:53:46.413604       1 eventhandlers.go:118] "Add event for unscheduled pod" pod="default/falcon-pod-502950"
I0917 02:53:46.413701       1 schedule_one.go:80] "Attempting to schedule pod" pod="default/falcon-pod-502950"
I0917 02:53:46.414325       1 log.go:194] require 2 gpu(s), and currently has 8 gpus(s) in total
I0917 02:53:46.421317       1 log.go:194] css-host-128 has 4 gpu, the pod requires 2 gpu -> score: 50
I0917 02:53:46.421339       1 log.go:194] css-host-129 has 4 gpu, the pod requires 2 gpu -> score: 50
I0917 02:53:46.421496       1 log.go:194] permit plugin
I0917 02:53:46.426509       1 log.go:194] alloc: 4, used: 0, required: 2
I0917 02:53:46.430950       1 log.go:194] alloc: 4, used: 0, required: 2
I0917 02:53:46.431103       1 default_binder.go:53] "Attempting to bind pod to node" pod="default/falcon-pod-502950" node="css-host-128"
I0917 02:53:46.435439       1 schedule_one.go:252] "Successfully bound pod to node" pod="default/falcon-pod-502950" node="css-host-128" evaluatedNodes=2 feasibleNodes=2
I0917 02:53:46.435515       1 eventhandlers.go:161] "Delete event for unscheduled pod" pod="default/falcon-pod-502950"
I0917 02:53:46.435548       1 eventhandlers.go:186] "Add event for scheduled pod" pod="default/falcon-pod-502950"

I0917 03:05:51.287736       1 log.go:194] require 2 gpu(s), and currently has 8 gpus(s) in total
I0917 03:05:51.297709       1 log.go:194] css-host-128 has 4 gpu, the pod requires 2 gpu -> score: 50
I0917 03:05:51.297765       1 log.go:194] css-host-129 has 4 gpu, the pod requires 2 gpu -> score: 50
I0917 03:05:51.302416       1 log.go:194] css-host-128 -> alloc: 4, used: 0, required: 2
I0917 03:05:51.305974       1 log.go:194] css-host-128 -> alloc: 4, used: 0, required: 2
I0917 03:05:51.310369       1 schedule_one.go:252] "Successfully bound pod to node" pod="default/falcon-pod-502950" node="css-host-128" evaluatedNodes=2 feasibleNodes=2

I0917 08:48:34.238938       1 log.go:194] falcon-pod-399023 in Prefilter
I0917 08:48:34.239412       1 log.go:194] falcon-pod-399023 requires 5 gpu(s), and currently has 8 gpus(s) in total
I0917 08:48:34.246367       1 log.go:194] css-host-129 has 4 gpu, falcon-pod-399023 requires 5 gpu -> score: -1
I0917 08:48:34.246402       1 log.go:194] css-host-128 has 4 gpu, falcon-pod-399023 requires 5 gpu -> score: -1
I0917 08:48:34.251313       1 log.go:194] css-host-129 -> alloc: 4, used: 0, required: 5
I0917 08:48:34.258632       1 event.go:307] "Event occurred" object="default/falcon-pod-399023" fieldPath="" kind="Pod" apiVersion="v1" type="Normal" reason="Reconfig" message="Pod falcon-pod-399023 needs reconfiguration"
I0917 08:48:34.262709       1 log.go:194] css-host-129 -> alloc: 4, used: 0, required: 5
I0917 08:48:39.268233       1 log.go:194] css-host-129 -> alloc: 4, used: 0, required: 5
I0917 08:48:44.274025       1 log.go:194] css-host-129 -> alloc: 4, used: 0, required: 5
I0917 08:48:49.279495       1 log.go:194] css-host-129 -> alloc: 4, used: 0, required: 5
I0917 08:48:54.285045       1 log.go:194] css-host-129 -> alloc: 4, used: 0, required: 5
I0917 08:48:59.290572       1 log.go:194] css-host-129 -> alloc: 4, used: 0, required: 5
I0917 08:49:04.295635       1 log.go:194] css-host-129 -> alloc: 4, used: 0, required: 5
I0917 08:49:09.300304       1 log.go:194] css-host-129 -> alloc: 4, used: 0, required: 5
I0917 08:49:14.305879       1 log.go:194] css-host-129 -> alloc: 5, used: 0, required: 5
I0917 08:49:14.313638       1 schedule_one.go:252] "Successfully bound pod to node" pod="default/falcon-pod-399023" node="css-host-129" evaluatedNodes=2 feasibleNodes=2

I0917 08:54:58.128785       1 log.go:194] falcon-pod-399023 in Prefilter
I0917 08:54:58.129298       1 log.go:194] falcon-pod-399023 requires 5 gpu(s), and currently has 6 gpus(s) in total
I0917 08:54:58.135783       1 log.go:194] css-host-129 has 4 gpu, falcon-pod-399023 requires 5 gpu -> score: -1
I0917 08:54:58.135811       1 log.go:194] css-host-128 has 2 gpu, falcon-pod-399023 requires 5 gpu -> score: -3
I0917 08:54:58.140261       1 log.go:194] css-host-129 -> alloc: 4, used: 0, required: 5
I0917 08:54:58.147986       1 event.go:307] "Event occurred" object="default/falcon-pod-399023" fieldPath="" kind="Pod" apiVersion="v1" type="Normal" reason="Reconfig" message="Pod falcon-pod-399023 needs reconfiguration"
I0917 08:54:58.151999       1 log.go:194] css-host-129 -> alloc: 4, used: 0, required: 5
I0917 08:55:03.156916       1 log.go:194] css-host-129 -> alloc: 4, used: 0, required: 5
I0917 08:55:08.162757       1 log.go:194] css-host-129 -> alloc: 4, used: 0, required: 5
I0917 08:55:13.168520       1 log.go:194] css-host-129 -> alloc: 4, used: 0, required: 5
I0917 08:55:18.174542       1 log.go:194] css-host-129 -> alloc: 4, used: 0, required: 5
I0917 08:55:23.179581       1 log.go:194] css-host-129 -> alloc: 4, used: 0, required: 5
I0917 08:55:28.185476       1 log.go:194] css-host-129 -> alloc: 4, used: 0, required: 5
I0917 08:55:33.190220       1 log.go:194] css-host-129 -> alloc: 4, used: 0, required: 5
I0917 08:55:38.195223       1 log.go:194] css-host-129 -> alloc: 4, used: 0, required: 5
I0917 08:55:43.200505       1 log.go:194] css-host-129 -> alloc: 5, used: 0, required: 5
I0917 08:55:43.204770       1 schedule_one.go:252] "Successfully bound pod to node" pod="default/falcon-pod-399023" node="css-host-129" evaluatedNodes=2 feasibleNodes=2

I0917 13:55:31.582981       1 log.go:194] falcon-pod-593250 in Prefilter
I0917 13:55:31.583410       1 log.go:194] falcon-pod-593250 requires 0 gpu(s), and currently has 8 gpus(s) in total
I0917 13:55:31.590231       1 log.go:194] css-host-128 has 2 gpu, falcon-pod-593250 requires 0 gpu -> score: 0
I0917 13:55:31.590279       1 log.go:194] css-host-129 has 6 gpu, falcon-pod-593250 requires 0 gpu -> score: 0
I0917 13:55:31.595756       1 log.go:194] css-host-128 -> alloc: 2, used: 0, required: 0
I0917 13:55:31.601176       1 schedule_one.go:252] "Successfully bound pod to node" pod="default/falcon-pod-593250" node="css-host-128" evaluatedNodes=2 feasibleNodes=2