2023/10/03 06:32:13 reconfig event: Pod, falcon-pod-01, Reconfig
2023/10/03 06:32:15 ready for reconfig
2023/10/03 06:32:16 start to reconfig...
2023/10/03 06:32:16 dst: css-host-128, require: 2
&{{"gep" : "0", "dev_gid" : "000C00"} 0 -1}
2023/10/03 06:32:20 dev: map[0-000500:0 0-000C00:48 0-001300:48 0-001800:0 1-000500:48 1-000C00:0 1-001300:0 1-001800:48]
2023/10/03 06:32:20 usedGPUs: map[], optionGPUs: [{1-000C00 0 0} {0-001800 0 0} {0-000500 0 0} {1-001300 0 0}]
2023/10/03 06:32:20 unassign -> gep: 0, dev_gid: 000C00, endpoint: http://9.2.130.148:80/h3api/v1/allocation
2023/10/03 06:32:28 unassign result: true
2023/10/03 06:32:28 assign -> gep: 0, port_gid: 30h, dev_gid: 000C00, endpoint: http://9.2.130.148:80/h3api/v1/allocation
2023/10/03 06:32:44 assign result: false
2023/10/03 06:32:49 assign double check result: true
2023/10/03 06:32:49 current demand: 1
2023/10/03 06:32:49 unassign -> gep: 0, dev_gid: 001800, endpoint: http://9.2.130.147:80/h3api/v1/allocation
&{{"gep" : "0", "dev_gid" : "001800"} 0 -1}
2023/10/03 06:32:57 unassign result: true
2023/10/03 06:32:57 assign -> gep: 0, port_gid: 30h, dev_gid: 001800, endpoint: http://9.2.130.147:80/h3api/v1/allocation
2023/10/03 06:33:13 assign result: false
2023/10/03 06:33:18 assign double check result: true
2023/10/03 06:33:18 current demand: 0
2023/10/03 06:33:18 reconfig result: true
2023/10/03 06:33:20 reconfig event: Pod, falcon-pod-03, Reconfig
skip because of err: pods "falcon-pod-03" not found
2023/10/03 06:33:52 reconfig event: Pod, falcon-pod-01, Reconfig
already scheduled or done 
2023/10/03 06:36:25 reconfig event: Pod, falcon-pod-03, Reconfig
skip because of err: pods "falcon-pod-03" not found
2023/10/03 06:36:28 reconfig event: Pod, falcon-pod-03, Reconfig
2023/10/03 06:36:28 pod name: falcon-pod-01, pod status: Succeeded
2023/10/03 06:36:28 pod name: falcon-pod-02, pod status: Running
getGID in falcon-pod-02, default
2023/10/03 06:36:32 ready for reconfig
2023/10/03 06:36:32 start to reconfig...
2023/10/03 06:36:32 dst: css-host-129, require: 2
&{{"gep" : "0", "dev_gid" : "001800"} 0 -1}
2023/10/03 06:36:37 dev: map[0-000500:0 0-000C00:48 0-001300:48 0-001800:48 1-000500:48 1-000C00:48 1-001300:0 1-001800:48]
2023/10/03 06:36:37 usedGPUs: map[0-000C00:{} 0-001300:{} 0-001800:{} 1-000500:{}], optionGPUs: [{1-001800 48 0} {1-000C00 48 0}]
2023/10/03 06:36:37 unassign -> gep: 0, dev_gid: 001800, endpoint: http://9.2.130.148:80/h3api/v1/allocation
2023/10/03 06:36:44 unassign result: true
2023/10/03 06:36:44 assign -> gep: 0, port_gid: 00h, dev_gid: 001800, endpoint: http://9.2.130.148:80/h3api/v1/allocation
2023/10/03 06:37:00 assign result: false
2023/10/03 06:37:06 assign double check result: true
&{{"gep" : "0", "dev_gid" : "000C00"} 0 -1}
2023/10/03 06:37:06 current demand: 1
2023/10/03 06:37:06 unassign -> gep: 0, dev_gid: 000C00, endpoint: http://9.2.130.148:80/h3api/v1/allocation
2023/10/03 06:37:12 unassign result: true
2023/10/03 06:37:12 assign -> gep: 0, port_gid: 00h, dev_gid: 000C00, endpoint: http://9.2.130.148:80/h3api/v1/allocation
2023/10/03 06:37:28 assign result: false
2023/10/03 06:37:33 assign double check result: true
2023/10/03 06:37:33 current demand: 0
2023/10/03 06:37:33 reconfig result: true
2023/10/03 06:37:35 reconfig event: Pod, falcon-pod-01, Reconfig
already scheduled or done 
2023/10/03 06:38:46 reconfig event: Pod, falcon-pod-01, Reconfig
2023/10/03 06:38:49 ready for reconfig
2023/10/03 06:38:49 start to reconfig...
2023/10/03 06:38:49 dst: css-host-128, require: 2
&{{"gep" : "0", "dev_gid" : "001300"} 0 -1}
2023/10/03 06:38:52 dev: map[0-000500:0 0-000C00:48 0-001300:48 0-001800:48 1-000500:48 1-000C00:0 1-001300:0 1-001800:0]
2023/10/03 06:38:52 usedGPUs: map[], optionGPUs: [{1-001300 0 0} {1-001800 0 0} {1-000C00 0 0} {0-000500 0 0}]
2023/10/03 06:38:52 unassign -> gep: 0, dev_gid: 001300, endpoint: http://9.2.130.148:80/h3api/v1/allocation
2023/10/03 06:39:00 unassign result: true
2023/10/03 06:39:00 assign -> gep: 0, port_gid: 30h, dev_gid: 001300, endpoint: http://9.2.130.148:80/h3api/v1/allocation
2023/10/03 06:39:16 assign result: false
2023/10/03 06:39:21 assign double check result: true
2023/10/03 06:39:21 current demand: 1
2023/10/03 06:39:21 unassign -> gep: 0, dev_gid: 001800, endpoint: http://9.2.130.148:80/h3api/v1/allocation
&{{"gep" : "0", "dev_gid" : "001800"} 0 -1}
2023/10/03 06:39:27 unassign result: true
2023/10/03 06:39:27 assign -> gep: 0, port_gid: 30h, dev_gid: 001800, endpoint: http://9.2.130.148:80/h3api/v1/allocation
2023/10/03 06:39:42 assign result: false
2023/10/03 06:39:48 assign double check result: true
2023/10/03 06:39:48 current demand: 0
2023/10/03 06:39:48 reconfig result: true
2023/10/03 06:40:10 reconfig event: Pod, falcon-pod-03, Reconfig
skip because of err: pods "falcon-pod-03" not found
2023/10/03 06:41:31 reconfig event: Pod, falcon-pod-03, Reconfig
2023/10/03 06:41:31 pod name: falcon-pod-01, pod status: Succeeded
2023/10/03 06:41:31 pod name: falcon-pod-02, pod status: Running
getGID in falcon-pod-02, default
2023/10/03 06:41:35 ready for reconfig
2023/10/03 06:41:35 start to reconfig...
2023/10/03 06:41:35 dst: css-host-129, require: 2
&{{"gep" : "0", "dev_gid" : "000C00"} 0 -1}
2023/10/03 06:41:41 dev: map[0-000500:0 0-000C00:48 0-001300:48 0-001800:48 1-000500:48 1-000C00:0 1-001300:48 1-001800:48]
2023/10/03 06:41:41 usedGPUs: map[0-001300:{} 0-001800:{} 1-000500:{} 1-001800:{}], optionGPUs: [{0-000C00 48 0} {1-001300 48 0}]
2023/10/03 06:41:41 unassign -> gep: 0, dev_gid: 000C00, endpoint: http://9.2.130.147:80/h3api/v1/allocation
2023/10/03 06:41:47 unassign result: true
2023/10/03 06:41:47 assign -> gep: 0, port_gid: 00h, dev_gid: 000C00, endpoint: http://9.2.130.147:80/h3api/v1/allocation
2023/10/03 06:42:03 assign result: false
&{{"gep" : "0", "dev_gid" : "001300"} 0 -1}
2023/10/03 06:42:09 assign double check result: true
2023/10/03 06:42:09 current demand: 1
2023/10/03 06:42:09 unassign -> gep: 0, dev_gid: 001300, endpoint: http://9.2.130.148:80/h3api/v1/allocation
2023/10/03 06:42:15 unassign result: true
2023/10/03 06:42:15 assign -> gep: 0, port_gid: 00h, dev_gid: 001300, endpoint: http://9.2.130.148:80/h3api/v1/allocation
2023/10/03 06:42:32 assign result: false
2023/10/03 06:42:37 assign double check result: true
2023/10/03 06:42:37 current demand: 0
2023/10/03 06:42:37 reconfig result: true
2023/10/03 06:43:52 reconfig event: Pod, falcon-pod-01, Reconfig
2023/10/03 06:43:55 ready for reconfig
2023/10/03 06:43:55 start to reconfig...
2023/10/03 06:43:55 dst: css-host-128, require: 2
2023/10/03 06:44:00 dev: map[0-000500:0 0-000C00:0 0-001300:48 0-001800:48 1-000500:48 1-000C00:0 1-001300:0 1-001800:48]
2023/10/03 06:44:00 usedGPUs: map[], optionGPUs: [{1-000C00 0 0} {0-000C00 0 0} {0-000500 0 0} {1-001300 0 0}]
2023/10/03 06:44:00 unassign -> gep: 0, dev_gid: 000C00, endpoint: http://9.2.130.148:80/h3api/v1/allocation
&{{"gep" : "0", "dev_gid" : "000C00"} 0 -1}
2023/10/03 06:44:08 unassign result: true
2023/10/03 06:44:08 assign -> gep: 0, port_gid: 30h, dev_gid: 000C00, endpoint: http://9.2.130.148:80/h3api/v1/allocation
2023/10/03 06:44:24 assign result: false
&{{"gep" : "0", "dev_gid" : "000C00"} 0 -1}
2023/10/03 06:44:29 assign double check result: true
2023/10/03 06:44:29 current demand: 1
2023/10/03 06:44:29 unassign -> gep: 0, dev_gid: 000C00, endpoint: http://9.2.130.147:80/h3api/v1/allocation
2023/10/03 06:44:37 unassign result: true
2023/10/03 06:44:37 assign -> gep: 0, port_gid: 30h, dev_gid: 000C00, endpoint: http://9.2.130.147:80/h3api/v1/allocation
2023/10/03 06:44:53 assign result: false
2023/10/03 06:44:59 assign double check result: true
2023/10/03 06:44:59 current demand: 0
2023/10/03 06:44:59 reconfig result: true
2023/10/03 06:46:50 reconfig event: Pod, falcon-pod-03, Reconfig
2023/10/03 06:46:50 pod name: falcon-pod-01, pod status: Succeeded
getGID in falcon-pod-02, default
2023/10/03 06:46:50 pod name: falcon-pod-02, pod status: Running
2023/10/03 06:46:53 ready for reconfig
2023/10/03 06:46:54 start to reconfig...
2023/10/03 06:46:54 dst: css-host-128, require: 2
&{{"gep" : "0", "dev_gid" : "000500"} 0 -1}
2023/10/03 06:46:57 dev: map[0-000500:0 0-000C00:48 0-001300:48 0-001800:48 1-000500:48 1-000C00:48 1-001300:0 1-001800:48]
2023/10/03 06:46:57 usedGPUs: map[0-000C00:{} 1-000500:{} 1-000C00:{} 1-001800:{}], optionGPUs: [{0-000500 0 0} {1-001300 0 0}]
2023/10/03 06:46:57 unassign -> gep: 0, dev_gid: 000500, endpoint: http://9.2.130.147:80/h3api/v1/allocation
2023/10/03 06:47:04 unassign result: true
2023/10/03 06:47:04 assign -> gep: 0, port_gid: 30h, dev_gid: 000500, endpoint: http://9.2.130.147:80/h3api/v1/allocation
2023/10/03 06:47:20 assign result: false
2023/10/03 06:47:25 assign double check result: true
2023/10/03 06:47:25 current demand: 1
2023/10/03 06:47:25 unassign -> gep: 0, dev_gid: 001300, endpoint: http://9.2.130.148:80/h3api/v1/allocation
&{{"gep" : "0", "dev_gid" : "001300"} 0 -1}
2023/10/03 06:47:32 unassign result: true
2023/10/03 06:47:32 assign -> gep: 0, port_gid: 30h, dev_gid: 001300, endpoint: http://9.2.130.148:80/h3api/v1/allocation
2023/10/03 06:47:48 assign result: false
2023/10/03 06:47:53 assign double check result: true
2023/10/03 06:47:53 current demand: 0
2023/10/03 06:47:53 reconfig result: true
