time="2023-10-03T05:10:43Z" level=info msg="falcon device plugin starting"
time="2023-10-03T05:10:43Z" level=info msg="ips:  [9.2.131.129 9.2.131.128]"
time="2023-10-03T05:10:43Z" level=info msg="host_ports:  [0 48]"
time="2023-10-03T05:10:43Z" level=info msg="Register to kubelet with endpoint falcon.sock"
time="2023-10-03T05:10:49Z" level=info msg="start GPPC server for 'falcon.com/gpu'"
time="2023-10-03T05:10:49Z" level=info msg="reconfig event: Pod, falcon-pod-03, Reconfig\n"
time="2023-10-03T05:10:53Z" level=info msg="GetDevicePluginOptions called"
time="2023-10-03T05:10:53Z" level=info msg="register to kubelet successfully"
time="2023-10-03T05:10:53Z" level=info msg="device plugin socket name:/var/lib/kubelet/device-plugins/kubelet.sock"
time="2023-10-03T05:10:53Z" level=info msg="ListAndWatch called"
time="2023-10-03T05:10:53Z" level=info msg="watching kubelet.sock"
time="2023-10-03T05:10:53Z" level=info msg="devs:  [&Device{ID:1-000C00,Health:Healthy,Topology:nil,} &Device{ID:0-001300,Health:Healthy,Topology:nil,} &Device{ID:1-001300,Health:Healthy,Topology:nil,} &Device{ID:1-001800,Health:Healthy,Topology:nil,}]"
time="2023-10-03T05:10:53Z" level=info msg="start to list devices"
time="2023-10-03T05:10:55Z" level=info msg="num: 4  next check:  1s"
time="2023-10-03T05:10:56Z" level=info msg="start to list devices"
time="2023-10-03T05:10:59Z" level=info msg="num: 4  next check:  1s"
time="2023-10-03T05:11:00Z" level=info msg="start to list devices"
time="2023-10-03T05:11:03Z" level=info msg="num: 4  next check:  1s"
time="2023-10-03T05:11:04Z" level=info msg="start to list devices"
time="2023-10-03T05:11:07Z" level=info msg="num: 4  next check:  1s"
time="2023-10-03T05:11:08Z" level=info msg="start to list devices"
time="2023-10-03T05:11:11Z" level=info msg="num: 4  next check:  1s"
time="2023-10-03T05:11:12Z" level=info msg="start to list devices"
time="2023-10-03T05:11:15Z" level=info msg="num: 4  next check:  1s"
time="2023-10-03T05:11:16Z" level=info msg="start to list devices"
time="2023-10-03T05:11:21Z" level=info msg="num: 4  next check:  1s"
time="2023-10-03T05:11:22Z" level=info msg="start to list devices"
time="2023-10-03T05:11:25Z" level=info msg="num: 4  next check:  1s"
time="2023-10-03T05:11:26Z" level=info msg="start to list devices"
time="2023-10-03T05:11:29Z" level=info msg="num: 4  next check:  1s"
time="2023-10-03T05:11:30Z" level=info msg="start to list devices"
time="2023-10-03T05:11:33Z" level=info msg="num: 4  next check:  1s"
time="2023-10-03T05:11:34Z" level=info msg="start to list devices"
time="2023-10-03T05:11:36Z" level=info msg="num: 4  next check:  1s"
time="2023-10-03T05:11:37Z" level=info msg="start to list devices"
time="2023-10-03T05:11:40Z" level=info msg="num: 4  next check:  1s"
time="2023-10-03T05:11:41Z" level=info msg="start to list devices"
time="2023-10-03T05:11:44Z" level=info msg="num: 4  next check:  1s"
time="2023-10-03T05:11:45Z" level=info msg="start to list devices"
time="2023-10-03T05:11:50Z" level=info msg="num: 4  next check:  1s"
time="2023-10-03T05:11:51Z" level=info msg="start to list devices"
time="2023-10-03T05:11:56Z" level=info msg="num: 4  next check:  1s"
time="2023-10-03T05:11:57Z" level=info msg="start to list devices"
time="2023-10-03T05:11:59Z" level=info msg="num: 4  next check:  1s"
time="2023-10-03T05:12:00Z" level=info msg="start to list devices"
time="2023-10-03T05:12:03Z" level=info msg="num: 4  next check:  1s"
time="2023-10-03T05:12:04Z" level=info msg="start to list devices"
time="2023-10-03T05:12:07Z" level=info msg="num: 4  next check:  1s"
time="2023-10-03T05:12:08Z" level=info msg="start to list devices"
time="2023-10-03T05:12:12Z" level=info msg="num: 4  next check:  1s"
time="2023-10-03T05:12:13Z" level=info msg="start to list devices"
time="2023-10-03T05:12:15Z" level=info msg="num: 4  next check:  1s"
time="2023-10-03T05:12:16Z" level=info msg="start to list devices"
time="2023-10-03T05:12:21Z" level=info msg="num: 4  next check:  1s"
time="2023-10-03T05:12:22Z" level=info msg="start to list devices"
time="2023-10-03T05:12:25Z" level=info msg="num: 4  next check:  1s"
time="2023-10-03T05:12:26Z" level=info msg="start to list devices"
time="2023-10-03T05:12:29Z" level=info msg="num: 4  next check:  1s"
time="2023-10-03T05:12:30Z" level=info msg="start to list devices"
time="2023-10-03T05:12:32Z" level=info msg="num: 4  next check:  1s"
time="2023-10-03T05:12:33Z" level=info msg="start to list devices"
time="2023-10-03T05:12:36Z" level=info msg="num: 4  next check:  1s"
time="2023-10-03T05:12:37Z" level=info msg="start to list devices"
time="2023-10-03T05:12:40Z" level=info msg="num: 4  next check:  1s"
time="2023-10-03T05:12:41Z" level=info msg="start to list devices"
time="2023-10-03T05:12:44Z" level=info msg="num: 4  next check:  1s"
time="2023-10-03T05:12:45Z" level=info msg="start to list devices"
time="2023-10-03T05:12:47Z" level=info msg="num: 4  next check:  1s"
time="2023-10-03T05:12:48Z" level=info msg="start to list devices"
time="2023-10-03T05:12:53Z" level=info msg="num: 4  next check:  30s"
time="2023-10-03T05:13:24Z" level=info msg="start to list devices"
time="2023-10-03T05:13:29Z" level=info msg="num: 4  next check:  30s"
time="2023-10-03T05:13:59Z" level=info msg="start to list devices"
time="2023-10-03T05:14:04Z" level=info msg="num: 4  next check:  30s"
time="2023-10-03T05:14:34Z" level=info msg="start to list devices"
time="2023-10-03T05:14:39Z" level=info msg="num: 4  next check:  30s"
time="2023-10-03T05:15:09Z" level=info msg="start to list devices"
time="2023-10-03T05:15:15Z" level=info msg="num: 4  next check:  30s"
time="2023-10-03T05:15:45Z" level=info msg="start to list devices"
time="2023-10-03T05:15:50Z" level=info msg="num: 4  next check:  30s"
time="2023-10-03T05:16:20Z" level=info msg="start to list devices"
time="2023-10-03T05:16:26Z" level=info msg="num: 4  next check:  30s"
time="2023-10-03T05:16:56Z" level=info msg="start to list devices"
time="2023-10-03T05:17:02Z" level=info msg="num: 4  next check:  30s"
time="2023-10-03T05:17:32Z" level=info msg="start to list devices"
time="2023-10-03T05:17:37Z" level=info msg="num: 4  next check:  30s"
time="2023-10-03T05:18:07Z" level=info msg="start to list devices"
time="2023-10-03T05:18:13Z" level=info msg="num: 4  next check:  30s"
time="2023-10-03T05:18:43Z" level=info msg="start to list devices"
time="2023-10-03T05:18:48Z" level=info msg="num: 4  next check:  30s"
time="2023-10-03T05:19:18Z" level=info msg="start to list devices"
time="2023-10-03T05:19:23Z" level=info msg="num: 4  next check:  30s"
time="2023-10-03T05:19:53Z" level=info msg="start to list devices"
time="2023-10-03T05:19:59Z" level=info msg="num: 4  next check:  30s"
time="2023-10-03T05:20:29Z" level=info msg="start to list devices"
time="2023-10-03T05:20:34Z" level=info msg="num: 4  next check:  30s"
time="2023-10-03T05:21:04Z" level=info msg="start to list devices"
time="2023-10-03T05:21:10Z" level=info msg="num: 4  next check:  30s"
time="2023-10-03T05:21:40Z" level=info msg="start to list devices"
time="2023-10-03T05:21:45Z" level=info msg="num: 4  next check:  30s"
time="2023-10-03T05:21:56Z" level=info msg="reconfig event: Pod, falcon-pod-01, Reconfig\n"
time="2023-10-03T05:22:15Z" level=info msg="start to list devices"
time="2023-10-03T05:22:23Z" level=info msg="num: 5  next check:  1s"
time="2023-10-03T05:22:24Z" level=info msg="start to list devices"
time="2023-10-03T05:22:26Z" level=info msg="num: 5  next check:  1s"
time="2023-10-03T05:22:27Z" level=info msg="start to list devices"
time="2023-10-03T05:22:30Z" level=info msg="Allocate called"
time="2023-10-03T05:22:30Z" level=info msg="received request: 1-000500,0-001300,1-001300,1-001800,1-000C00"
time="2023-10-03T05:22:30Z" level=info msg="num: 5  next check:  1s"
time="2023-10-03T05:22:31Z" level=info msg="start to list devices"
time="2023-10-03T05:22:34Z" level=info msg="num: 5  next check:  1s"
time="2023-10-03T05:22:35Z" level=info msg="PreStartContainer called"
time="2023-10-03T05:22:35Z" level=info msg="received request: &PreStartContainerRequest{DevicesIDs:[1-001800 1-000C00 1-000500 0-001300 1-001300],}"
time="2023-10-03T05:22:35Z" level=info msg="start to list devices"
time="2023-10-03T05:22:38Z" level=info msg="num: 5  next check:  1s"
time="2023-10-03T05:22:39Z" level=info msg="start to list devices"
time="2023-10-03T05:22:42Z" level=info msg="num: 5  next check:  1s"
time="2023-10-03T05:22:43Z" level=info msg="start to list devices"
time="2023-10-03T05:22:45Z" level=info msg="num: 5  next check:  1s"
time="2023-10-03T05:22:46Z" level=info msg="start to list devices"
time="2023-10-03T05:22:51Z" level=info msg="num: 5  next check:  1s"
time="2023-10-03T05:22:52Z" level=info msg="start to list devices"
time="2023-10-03T05:22:55Z" level=info msg="num: 5  next check:  1s"
time="2023-10-03T05:22:56Z" level=info msg="start to list devices"
time="2023-10-03T05:22:58Z" level=info msg="num: 5  next check:  1s"
time="2023-10-03T05:22:59Z" level=info msg="start to list devices"
time="2023-10-03T05:23:02Z" level=info msg="num: 5  next check:  1s"
time="2023-10-03T05:23:03Z" level=info msg="start to list devices"
time="2023-10-03T05:23:05Z" level=info msg="num: 5  next check:  1s"
time="2023-10-03T05:23:06Z" level=info msg="start to list devices"
time="2023-10-03T05:23:09Z" level=info msg="num: 5  next check:  1s"
time="2023-10-03T05:23:10Z" level=info msg="start to list devices"
time="2023-10-03T05:23:13Z" level=info msg="num: 5  next check:  1s"
time="2023-10-03T05:23:14Z" level=info msg="start to list devices"
time="2023-10-03T05:23:17Z" level=info msg="num: 5  next check:  1s"
time="2023-10-03T05:23:18Z" level=info msg="start to list devices"
time="2023-10-03T05:23:21Z" level=info msg="num: 5  next check:  1s"
time="2023-10-03T05:23:22Z" level=info msg="start to list devices"
time="2023-10-03T05:23:27Z" level=info msg="num: 5  next check:  1s"
time="2023-10-03T05:23:28Z" level=info msg="start to list devices"
time="2023-10-03T05:23:30Z" level=info msg="num: 5  next check:  1s"
time="2023-10-03T05:23:31Z" level=info msg="start to list devices"
time="2023-10-03T05:23:34Z" level=info msg="num: 5  next check:  1s"
time="2023-10-03T05:23:35Z" level=info msg="start to list devices"
time="2023-10-03T05:23:39Z" level=info msg="num: 5  next check:  1s"
time="2023-10-03T05:23:40Z" level=info msg="start to list devices"
time="2023-10-03T05:23:43Z" level=info msg="num: 5  next check:  1s"
time="2023-10-03T05:23:44Z" level=info msg="start to list devices"
time="2023-10-03T05:23:47Z" level=info msg="num: 5  next check:  1s"
time="2023-10-03T05:23:48Z" level=info msg="start to list devices"
time="2023-10-03T05:23:50Z" level=info msg="num: 5  next check:  1s"
time="2023-10-03T05:23:51Z" level=info msg="start to list devices"
time="2023-10-03T05:23:55Z" level=info msg="num: 5  next check:  1s"
time="2023-10-03T05:23:56Z" level=info msg="start to list devices"
time="2023-10-03T05:24:00Z" level=info msg="num: 5  next check:  30s"
time="2023-10-03T05:24:03Z" level=info msg="Allocate called"
time="2023-10-03T05:24:03Z" level=info msg="received request: 1-001800,1-000C00,1-000500,0-001300"
time="2023-10-03T05:24:08Z" level=info msg="PreStartContainer called"
time="2023-10-03T05:24:08Z" level=info msg="received request: &PreStartContainerRequest{DevicesIDs:[1-001800 1-000C00 1-000500 0-001300],}"
time="2023-10-03T05:24:30Z" level=info msg="start to list devices"
time="2023-10-03T05:24:31Z" level=info msg="reconfig event: Pod, falcon-pod-03, Reconfig\n"
time="2023-10-03T05:24:36Z" level=info msg="num: 5  next check:  1s"
time="2023-10-03T05:24:37Z" level=info msg="start to list devices"
time="2023-10-03T05:24:50Z" level=info msg="num: 4  next check:  1s"
time="2023-10-03T05:24:51Z" level=info msg="start to list devices"
time="2023-10-03T05:25:06Z" level=info msg="num: 4  next check:  1s"
time="2023-10-03T05:25:07Z" level=info msg="start to list devices"
time="2023-10-03T05:25:11Z" level=info msg="num: 4  next check:  1s"
time="2023-10-03T05:25:12Z" level=info msg="start to list devices"
time="2023-10-03T05:25:14Z" level=info msg="num: 4  next check:  1s"
time="2023-10-03T05:25:15Z" level=info msg="start to list devices"
time="2023-10-03T05:25:18Z" level=info msg="num: 4  next check:  1s"
time="2023-10-03T05:25:19Z" level=info msg="start to list devices"
time="2023-10-03T05:25:22Z" level=info msg="num: 4  next check:  1s"
time="2023-10-03T05:25:23Z" level=info msg="start to list devices"
time="2023-10-03T05:25:25Z" level=info msg="num: 4  next check:  1s"
time="2023-10-03T05:25:26Z" level=info msg="start to list devices"
time="2023-10-03T05:25:31Z" level=info msg="num: 4  next check:  1s"
time="2023-10-03T05:25:32Z" level=info msg="start to list devices"
time="2023-10-03T05:25:36Z" level=info msg="num: 4  next check:  1s"
time="2023-10-03T05:25:37Z" level=info msg="start to list devices"
time="2023-10-03T05:25:40Z" level=info msg="num: 4  next check:  1s"
time="2023-10-03T05:25:41Z" level=info msg="start to list devices"
time="2023-10-03T05:25:44Z" level=info msg="num: 4  next check:  1s"
time="2023-10-03T05:25:45Z" level=info msg="start to list devices"
time="2023-10-03T05:25:48Z" level=info msg="num: 4  next check:  1s"
time="2023-10-03T05:25:49Z" level=info msg="start to list devices"
time="2023-10-03T05:25:52Z" level=info msg="num: 4  next check:  1s"
time="2023-10-03T05:25:53Z" level=info msg="start to list devices"
time="2023-10-03T05:25:56Z" level=info msg="num: 4  next check:  1s"
time="2023-10-03T05:25:57Z" level=info msg="start to list devices"
time="2023-10-03T05:26:00Z" level=info msg="num: 4  next check:  1s"
time="2023-10-03T05:26:01Z" level=info msg="start to list devices"
time="2023-10-03T05:26:03Z" level=info msg="num: 4  next check:  1s"
time="2023-10-03T05:26:04Z" level=info msg="start to list devices"
time="2023-10-03T05:26:08Z" level=info msg="num: 4  next check:  1s"
time="2023-10-03T05:26:09Z" level=info msg="start to list devices"
time="2023-10-03T05:26:14Z" level=info msg="num: 4  next check:  1s"
time="2023-10-03T05:26:15Z" level=info msg="start to list devices"
time="2023-10-03T05:26:17Z" level=info msg="num: 4  next check:  1s"
time="2023-10-03T05:26:18Z" level=info msg="start to list devices"
time="2023-10-03T05:26:21Z" level=info msg="num: 4  next check:  1s"
time="2023-10-03T05:26:22Z" level=info msg="start to list devices"
time="2023-10-03T05:26:27Z" level=info msg="num: 4  next check:  1s"
time="2023-10-03T05:26:28Z" level=info msg="start to list devices"
time="2023-10-03T05:26:31Z" level=info msg="reconfig event: Pod, falcon-pod-01, Reconfig\n"
time="2023-10-03T05:26:40Z" level=info msg="num: 4  next check:  1s"
time="2023-10-03T05:26:41Z" level=info msg="start to list devices"
time="2023-10-03T05:26:53Z" level=info msg="num: 5  next check:  1s"
time="2023-10-03T05:26:54Z" level=info msg="start to list devices"
time="2023-10-03T05:26:55Z" level=info msg="Allocate called"
time="2023-10-03T05:26:55Z" level=info msg="received request: 1-000500,0-001300,0-001800,1-001800,1-000C00"
time="2023-10-03T05:26:57Z" level=info msg="num: 5  next check:  1s"
time="2023-10-03T05:26:58Z" level=info msg="start to list devices"
time="2023-10-03T05:27:00Z" level=info msg="PreStartContainer called"
time="2023-10-03T05:27:00Z" level=info msg="received request: &PreStartContainerRequest{DevicesIDs:[1-000500 0-001300 0-001800 1-001800 1-000C00],}"
time="2023-10-03T05:27:01Z" level=info msg="num: 5  next check:  1s"
time="2023-10-03T05:27:02Z" level=info msg="start to list devices"
time="2023-10-03T05:27:04Z" level=info msg="num: 5  next check:  1s"
time="2023-10-03T05:27:05Z" level=info msg="start to list devices"
time="2023-10-03T05:27:08Z" level=info msg="num: 5  next check:  1s"
time="2023-10-03T05:27:09Z" level=info msg="start to list devices"
time="2023-10-03T05:27:12Z" level=info msg="num: 5  next check:  1s"
time="2023-10-03T05:27:13Z" level=info msg="start to list devices"
time="2023-10-03T05:27:16Z" level=info msg="num: 5  next check:  1s"
time="2023-10-03T05:27:17Z" level=info msg="start to list devices"
time="2023-10-03T05:27:20Z" level=info msg="num: 5  next check:  1s"
time="2023-10-03T05:27:21Z" level=info msg="start to list devices"
time="2023-10-03T05:27:25Z" level=info msg="num: 5  next check:  1s"
time="2023-10-03T05:27:26Z" level=info msg="start to list devices"
time="2023-10-03T05:27:29Z" level=info msg="num: 5  next check:  1s"
time="2023-10-03T05:27:30Z" level=info msg="start to list devices"
time="2023-10-03T05:27:33Z" level=info msg="num: 5  next check:  1s"
time="2023-10-03T05:27:34Z" level=info msg="start to list devices"
time="2023-10-03T05:27:37Z" level=info msg="num: 5  next check:  1s"
time="2023-10-03T05:27:38Z" level=info msg="start to list devices"
time="2023-10-03T05:27:42Z" level=info msg="num: 5  next check:  1s"
time="2023-10-03T05:27:43Z" level=info msg="start to list devices"
time="2023-10-03T05:27:46Z" level=info msg="num: 5  next check:  1s"
time="2023-10-03T05:27:47Z" level=info msg="start to list devices"
time="2023-10-03T05:27:49Z" level=info msg="Allocate called"
time="2023-10-03T05:27:49Z" level=info msg="received request: 1-000C00,1-000500,0-001300,0-001800"
time="2023-10-03T05:27:50Z" level=info msg="num: 5  next check:  1s"
time="2023-10-03T05:27:51Z" level=info msg="start to list devices"
time="2023-10-03T05:27:53Z" level=info msg="PreStartContainer called"
time="2023-10-03T05:27:53Z" level=info msg="received request: &PreStartContainerRequest{DevicesIDs:[1-000C00 1-000500 0-001300 0-001800],}"
time="2023-10-03T05:27:53Z" level=info msg="num: 5  next check:  1s"
time="2023-10-03T05:27:54Z" level=info msg="start to list devices"
time="2023-10-03T05:27:59Z" level=info msg="num: 5  next check:  1s"
time="2023-10-03T05:28:00Z" level=info msg="start to list devices"
time="2023-10-03T05:28:03Z" level=info msg="num: 5  next check:  1s"
time="2023-10-03T05:28:04Z" level=info msg="start to list devices"
time="2023-10-03T05:28:07Z" level=info msg="num: 5  next check:  1s"
time="2023-10-03T05:28:08Z" level=info msg="start to list devices"
time="2023-10-03T05:28:10Z" level=info msg="num: 5  next check:  1s"
time="2023-10-03T05:28:11Z" level=info msg="start to list devices"
time="2023-10-03T05:28:15Z" level=info msg="num: 5  next check:  1s"
time="2023-10-03T05:28:16Z" level=info msg="start to list devices"
time="2023-10-03T05:28:20Z" level=info msg="num: 5  next check:  1s"
time="2023-10-03T05:28:21Z" level=info msg="start to list devices"
time="2023-10-03T05:28:24Z" level=info msg="num: 5  next check:  1s"
time="2023-10-03T05:28:25Z" level=info msg="start to list devices"
time="2023-10-03T05:28:31Z" level=info msg="reconfig event: Pod, falcon-pod-03, Reconfig\n"
time="2023-10-03T05:28:34Z" level=info msg="num: 4  next check:  1s"
time="2023-10-03T05:28:35Z" level=info msg="start to list devices"
time="2023-10-03T05:28:49Z" level=info msg="num: 4  next check:  1s"
time="2023-10-03T05:28:50Z" level=info msg="start to list devices"
time="2023-10-03T05:28:53Z" level=info msg="num: 4  next check:  1s"
time="2023-10-03T05:28:54Z" level=info msg="start to list devices"
time="2023-10-03T05:28:58Z" level=info msg="num: 4  next check:  1s"
time="2023-10-03T05:28:59Z" level=info msg="start to list devices"
time="2023-10-03T05:29:02Z" level=info msg="num: 4  next check:  1s"
time="2023-10-03T05:29:03Z" level=info msg="start to list devices"
time="2023-10-03T05:29:06Z" level=info msg="num: 4  next check:  1s"
time="2023-10-03T05:29:07Z" level=info msg="start to list devices"
time="2023-10-03T05:29:10Z" level=info msg="num: 4  next check:  1s"
time="2023-10-03T05:29:11Z" level=info msg="start to list devices"
time="2023-10-03T05:29:14Z" level=info msg="num: 4  next check:  1s"
time="2023-10-03T05:29:15Z" level=info msg="start to list devices"
time="2023-10-03T05:29:17Z" level=info msg="num: 4  next check:  1s"
time="2023-10-03T05:29:18Z" level=info msg="start to list devices"
time="2023-10-03T05:29:22Z" level=info msg="num: 4  next check:  1s"
time="2023-10-03T05:29:23Z" level=info msg="start to list devices"
time="2023-10-03T05:29:26Z" level=info msg="num: 4  next check:  1s"
time="2023-10-03T05:29:27Z" level=info msg="start to list devices"
time="2023-10-03T05:29:32Z" level=info msg="num: 4  next check:  1s"
time="2023-10-03T05:29:33Z" level=info msg="start to list devices"
time="2023-10-03T05:29:35Z" level=info msg="num: 4  next check:  1s"
time="2023-10-03T05:29:36Z" level=info msg="start to list devices"
time="2023-10-03T05:29:39Z" level=info msg="num: 4  next check:  1s"
time="2023-10-03T05:29:40Z" level=info msg="start to list devices"
time="2023-10-03T05:29:43Z" level=info msg="num: 4  next check:  1s"
time="2023-10-03T05:29:44Z" level=info msg="start to list devices"
time="2023-10-03T05:29:47Z" level=info msg="num: 4  next check:  1s"
time="2023-10-03T05:29:48Z" level=info msg="start to list devices"
time="2023-10-03T05:29:52Z" level=info msg="num: 4  next check:  1s"
time="2023-10-03T05:29:53Z" level=info msg="start to list devices"
time="2023-10-03T05:29:55Z" level=info msg="num: 4  next check:  1s"
time="2023-10-03T05:29:56Z" level=info msg="start to list devices"
time="2023-10-03T05:29:59Z" level=info msg="num: 4  next check:  1s"
time="2023-10-03T05:30:00Z" level=info msg="start to list devices"
time="2023-10-03T05:30:05Z" level=info msg="num: 4  next check:  1s"
time="2023-10-03T05:30:06Z" level=info msg="start to list devices"
time="2023-10-03T05:30:16Z" level=info msg="num: 4  next check:  1s"
time="2023-10-03T05:30:17Z" level=info msg="start to list devices"
time="2023-10-03T05:30:31Z" level=info msg="reconfig event: Pod, falcon-pod-01, Reconfig\n"
time="2023-10-03T05:30:33Z" level=info msg="num: 5  next check:  1s"
time="2023-10-03T05:30:34Z" level=info msg="start to list devices"
time="2023-10-03T05:30:37Z" level=info msg="num: 5  next check:  1s"
time="2023-10-03T05:30:38Z" level=info msg="start to list devices"
time="2023-10-03T05:30:40Z" level=info msg="Allocate called"
time="2023-10-03T05:30:40Z" level=info msg="received request: 1-000500,0-001300,0-001800,0-000C00,1-000C00"
time="2023-10-03T05:30:41Z" level=info msg="num: 5  next check:  1s"
time="2023-10-03T05:30:42Z" level=info msg="start to list devices"
time="2023-10-03T05:30:44Z" level=info msg="num: 5  next check:  1s"
time="2023-10-03T05:30:45Z" level=info msg="PreStartContainer called"
time="2023-10-03T05:30:45Z" level=info msg="received request: &PreStartContainerRequest{DevicesIDs:[0-001800 0-000C00 1-000C00 1-000500 0-001300],}"
time="2023-10-03T05:30:45Z" level=info msg="start to list devices"
time="2023-10-03T05:30:48Z" level=info msg="num: 5  next check:  1s"
time="2023-10-03T05:30:49Z" level=info msg="start to list devices"
time="2023-10-03T05:30:52Z" level=info msg="num: 5  next check:  1s"
time="2023-10-03T05:30:53Z" level=info msg="start to list devices"
time="2023-10-03T05:30:56Z" level=info msg="num: 5  next check:  1s"
time="2023-10-03T05:30:57Z" level=info msg="start to list devices"
time="2023-10-03T05:31:01Z" level=info msg="num: 5  next check:  1s"
time="2023-10-03T05:31:02Z" level=info msg="start to list devices"
time="2023-10-03T05:31:05Z" level=info msg="num: 5  next check:  1s"
time="2023-10-03T05:31:06Z" level=info msg="start to list devices"
time="2023-10-03T05:31:08Z" level=info msg="num: 5  next check:  1s"
time="2023-10-03T05:31:09Z" level=info msg="start to list devices"
time="2023-10-03T05:31:12Z" level=info msg="num: 5  next check:  1s"
time="2023-10-03T05:31:13Z" level=info msg="start to list devices"
time="2023-10-03T05:31:16Z" level=info msg="num: 5  next check:  1s"
time="2023-10-03T05:31:17Z" level=info msg="start to list devices"
time="2023-10-03T05:31:19Z" level=info msg="num: 5  next check:  1s"
time="2023-10-03T05:31:20Z" level=info msg="start to list devices"
time="2023-10-03T05:31:24Z" level=info msg="num: 5  next check:  1s"
time="2023-10-03T05:31:25Z" level=info msg="start to list devices"
time="2023-10-03T05:31:27Z" level=info msg="num: 5  next check:  1s"
time="2023-10-03T05:31:28Z" level=info msg="start to list devices"
time="2023-10-03T05:31:32Z" level=info msg="num: 5  next check:  1s"
time="2023-10-03T05:31:33Z" level=info msg="start to list devices"
time="2023-10-03T05:31:34Z" level=info msg="Allocate called"
time="2023-10-03T05:31:34Z" level=info msg="received request: 0-000C00,1-000C00,1-000500,0-001300"
time="2023-10-03T05:31:36Z" level=info msg="num: 5  next check:  1s"
time="2023-10-03T05:31:37Z" level=info msg="start to list devices"
time="2023-10-03T05:31:39Z" level=info msg="PreStartContainer called"
time="2023-10-03T05:31:39Z" level=info msg="received request: &PreStartContainerRequest{DevicesIDs:[1-000500 0-001300 0-000C00 1-000C00],}"
time="2023-10-03T05:31:40Z" level=info msg="num: 5  next check:  1s"
time="2023-10-03T05:31:41Z" level=info msg="start to list devices"
time="2023-10-03T05:31:44Z" level=info msg="num: 5  next check:  1s"
time="2023-10-03T05:31:45Z" level=info msg="start to list devices"
time="2023-10-03T05:31:47Z" level=info msg="num: 5  next check:  1s"
time="2023-10-03T05:31:48Z" level=info msg="start to list devices"
time="2023-10-03T05:31:52Z" level=info msg="num: 5  next check:  1s"
time="2023-10-03T05:31:53Z" level=info msg="start to list devices"
time="2023-10-03T05:31:55Z" level=info msg="num: 5  next check:  1s"
time="2023-10-03T05:31:56Z" level=info msg="start to list devices"
time="2023-10-03T05:31:59Z" level=info msg="num: 5  next check:  1s"
time="2023-10-03T05:32:00Z" level=info msg="start to list devices"
time="2023-10-03T05:32:07Z" level=info msg="num: 5  next check:  1s"
time="2023-10-03T05:32:08Z" level=info msg="start to list devices"
time="2023-10-03T05:32:18Z" level=info msg="num: 4  next check:  1s"
time="2023-10-03T05:32:19Z" level=info msg="start to list devices"
time="2023-10-03T05:32:31Z" level=info msg="reconfig event: Pod, falcon-pod-03, Reconfig\n"
time="2023-10-03T05:32:34Z" level=info msg="num: 4  next check:  1s"
time="2023-10-03T05:32:35Z" level=info msg="start to list devices"
time="2023-10-03T05:32:39Z" level=info msg="num: 4  next check:  1s"
time="2023-10-03T05:32:40Z" level=info msg="start to list devices"
time="2023-10-03T05:32:43Z" level=info msg="num: 4  next check:  1s"
time="2023-10-03T05:32:44Z" level=info msg="start to list devices"
time="2023-10-03T05:32:46Z" level=info msg="num: 4  next check:  1s"
time="2023-10-03T05:32:47Z" level=info msg="start to list devices"
time="2023-10-03T05:32:50Z" level=info msg="num: 4  next check:  1s"
time="2023-10-03T05:32:51Z" level=info msg="start to list devices"
time="2023-10-03T05:32:53Z" level=info msg="num: 4  next check:  1s"
time="2023-10-03T05:32:54Z" level=info msg="start to list devices"
time="2023-10-03T05:32:58Z" level=info msg="num: 4  next check:  1s"
time="2023-10-03T05:32:59Z" level=info msg="start to list devices"
time="2023-10-03T05:33:03Z" level=info msg="num: 4  next check:  1s"
time="2023-10-03T05:33:04Z" level=info msg="start to list devices"
time="2023-10-03T05:33:06Z" level=info msg="num: 4  next check:  1s"
time="2023-10-03T05:33:07Z" level=info msg="start to list devices"
time="2023-10-03T05:33:11Z" level=info msg="num: 4  next check:  1s"
time="2023-10-03T05:33:12Z" level=info msg="start to list devices"
time="2023-10-03T05:33:15Z" level=info msg="num: 4  next check:  1s"
time="2023-10-03T05:33:16Z" level=info msg="start to list devices"
time="2023-10-03T05:33:19Z" level=info msg="num: 4  next check:  1s"
time="2023-10-03T05:33:20Z" level=info msg="start to list devices"
time="2023-10-03T05:33:22Z" level=info msg="num: 4  next check:  1s"
time="2023-10-03T05:33:23Z" level=info msg="start to list devices"
time="2023-10-03T05:33:26Z" level=info msg="num: 4  next check:  1s"
time="2023-10-03T05:33:27Z" level=info msg="start to list devices"
time="2023-10-03T05:33:30Z" level=info msg="num: 4  next check:  1s"
time="2023-10-03T05:33:31Z" level=info msg="start to list devices"
time="2023-10-03T05:33:35Z" level=info msg="num: 4  next check:  1s"
time="2023-10-03T05:33:36Z" level=info msg="start to list devices"
time="2023-10-03T05:33:39Z" level=info msg="num: 4  next check:  1s"
time="2023-10-03T05:33:40Z" level=info msg="start to list devices"
time="2023-10-03T05:33:44Z" level=info msg="num: 4  next check:  1s"
time="2023-10-03T05:33:45Z" level=info msg="start to list devices"
time="2023-10-03T05:33:57Z" level=info msg="num: 4  next check:  1s"
time="2023-10-03T05:33:58Z" level=info msg="start to list devices"
time="2023-10-03T05:34:13Z" level=info msg="num: 5  next check:  1s"
time="2023-10-03T05:34:14Z" level=info msg="start to list devices"
time="2023-10-03T05:34:16Z" level=info msg="Allocate called"
time="2023-10-03T05:34:16Z" level=info msg="received request: 1-000C00,1-000500,0-001300,0-000C00,1-001800"
time="2023-10-03T05:34:18Z" level=info msg="num: 5  next check:  1s"
time="2023-10-03T05:34:19Z" level=info msg="start to list devices"
time="2023-10-03T05:34:20Z" level=info msg="PreStartContainer called"
time="2023-10-03T05:34:20Z" level=info msg="received request: &PreStartContainerRequest{DevicesIDs:[1-001800 1-000C00 1-000500 0-001300 0-000C00],}"
time="2023-10-03T05:34:21Z" level=info msg="num: 5  next check:  1s"
time="2023-10-03T05:34:22Z" level=info msg="start to list devices"
time="2023-10-03T05:34:25Z" level=info msg="num: 5  next check:  1s"
time="2023-10-03T05:34:26Z" level=info msg="start to list devices"
time="2023-10-03T05:34:29Z" level=info msg="num: 5  next check:  1s"
time="2023-10-03T05:34:30Z" level=info msg="start to list devices"
time="2023-10-03T05:34:31Z" level=info msg="reconfig event: Pod, falcon-pod-01, Reconfig\n"
time="2023-10-03T05:34:32Z" level=info msg="num: 5  next check:  1s"
time="2023-10-03T05:34:33Z" level=info msg="start to list devices"
time="2023-10-03T05:34:36Z" level=info msg="num: 5  next check:  1s"
time="2023-10-03T05:34:37Z" level=info msg="start to list devices"
time="2023-10-03T05:34:40Z" level=info msg="num: 5  next check:  1s"
time="2023-10-03T05:34:41Z" level=info msg="start to list devices"
time="2023-10-03T05:34:45Z" level=info msg="num: 5  next check:  1s"
time="2023-10-03T05:34:46Z" level=info msg="start to list devices"
time="2023-10-03T05:34:50Z" level=info msg="num: 5  next check:  1s"
time="2023-10-03T05:34:51Z" level=info msg="start to list devices"
time="2023-10-03T05:34:53Z" level=info msg="num: 5  next check:  1s"
time="2023-10-03T05:34:54Z" level=info msg="start to list devices"
time="2023-10-03T05:34:57Z" level=info msg="num: 5  next check:  1s"
time="2023-10-03T05:34:58Z" level=info msg="start to list devices"
time="2023-10-03T05:35:00Z" level=info msg="num: 5  next check:  1s"
time="2023-10-03T05:35:01Z" level=info msg="start to list devices"
time="2023-10-03T05:35:04Z" level=info msg="num: 5  next check:  1s"
time="2023-10-03T05:35:05Z" level=info msg="start to list devices"
time="2023-10-03T05:35:08Z" level=info msg="num: 5  next check:  1s"
time="2023-10-03T05:35:09Z" level=info msg="start to list devices"
time="2023-10-03T05:35:09Z" level=info msg="Allocate called"
time="2023-10-03T05:35:09Z" level=info msg="received request: 0-000C00,1-001800,1-000C00,1-000500"
time="2023-10-03T05:35:12Z" level=info msg="num: 5  next check:  1s"
time="2023-10-03T05:35:13Z" level=info msg="start to list devices"
time="2023-10-03T05:35:13Z" level=info msg="PreStartContainer called"
time="2023-10-03T05:35:13Z" level=info msg="received request: &PreStartContainerRequest{DevicesIDs:[1-001800 1-000C00 1-000500 0-000C00],}"
time="2023-10-03T05:35:17Z" level=info msg="num: 5  next check:  1s"
time="2023-10-03T05:35:18Z" level=info msg="start to list devices"
time="2023-10-03T05:35:22Z" level=info msg="num: 5  next check:  1s"
time="2023-10-03T05:35:23Z" level=info msg="start to list devices"
time="2023-10-03T05:35:25Z" level=info msg="num: 5  next check:  1s"
time="2023-10-03T05:35:26Z" level=info msg="start to list devices"
time="2023-10-03T05:35:29Z" level=info msg="num: 5  next check:  1s"
time="2023-10-03T05:35:30Z" level=info msg="start to list devices"
time="2023-10-03T05:35:33Z" level=info msg="num: 5  next check:  1s"
time="2023-10-03T05:35:34Z" level=info msg="start to list devices"
time="2023-10-03T05:35:37Z" level=info msg="num: 5  next check:  1s"
time="2023-10-03T05:35:38Z" level=info msg="start to list devices"
time="2023-10-03T05:35:42Z" level=info msg="num: 5  next check:  1s"
time="2023-10-03T05:35:43Z" level=info msg="start to list devices"
time="2023-10-03T05:35:53Z" level=info msg="num: 4  next check:  1s"
time="2023-10-03T05:35:54Z" level=info msg="start to list devices"
time="2023-10-03T05:36:08Z" level=info msg="num: 4  next check:  1s"
time="2023-10-03T05:36:09Z" level=info msg="start to list devices"
time="2023-10-03T05:36:11Z" level=info msg="num: 4  next check:  1s"
time="2023-10-03T05:36:12Z" level=info msg="start to list devices"
time="2023-10-03T05:36:16Z" level=info msg="num: 4  next check:  1s"
time="2023-10-03T05:36:17Z" level=info msg="start to list devices"
time="2023-10-03T05:36:20Z" level=info msg="num: 4  next check:  1s"
time="2023-10-03T05:36:21Z" level=info msg="start to list devices"
time="2023-10-03T05:36:25Z" level=info msg="num: 4  next check:  1s"
time="2023-10-03T05:36:26Z" level=info msg="start to list devices"
time="2023-10-03T05:36:28Z" level=info msg="num: 4  next check:  1s"
time="2023-10-03T05:36:29Z" level=info msg="start to list devices"
time="2023-10-03T05:36:31Z" level=info msg="reconfig event: Pod, falcon-pod-03, Reconfig\n"
time="2023-10-03T05:36:32Z" level=info msg="num: 4  next check:  1s"
time="2023-10-03T05:36:33Z" level=info msg="start to list devices"
time="2023-10-03T05:36:37Z" level=info msg="num: 4  next check:  1s"
time="2023-10-03T05:36:38Z" level=info msg="start to list devices"
time="2023-10-03T05:36:41Z" level=info msg="num: 4  next check:  1s"
time="2023-10-03T05:36:42Z" level=info msg="start to list devices"
time="2023-10-03T05:36:45Z" level=info msg="num: 4  next check:  1s"
time="2023-10-03T05:36:46Z" level=info msg="start to list devices"
time="2023-10-03T05:36:48Z" level=info msg="num: 4  next check:  1s"
time="2023-10-03T05:36:49Z" level=info msg="start to list devices"
time="2023-10-03T05:36:52Z" level=info msg="num: 4  next check:  1s"
time="2023-10-03T05:36:53Z" level=info msg="start to list devices"
time="2023-10-03T05:36:56Z" level=info msg="num: 4  next check:  1s"
time="2023-10-03T05:36:57Z" level=info msg="start to list devices"
time="2023-10-03T05:37:01Z" level=info msg="num: 4  next check:  1s"
time="2023-10-03T05:37:02Z" level=info msg="start to list devices"
time="2023-10-03T05:37:05Z" level=info msg="num: 4  next check:  1s"
time="2023-10-03T05:37:06Z" level=info msg="start to list devices"
time="2023-10-03T05:37:11Z" level=info msg="num: 4  next check:  1s"
time="2023-10-03T05:37:12Z" level=info msg="start to list devices"
time="2023-10-03T05:37:14Z" level=info msg="num: 4  next check:  1s"
time="2023-10-03T05:37:15Z" level=info msg="start to list devices"
time="2023-10-03T05:37:18Z" level=info msg="num: 4  next check:  1s"
time="2023-10-03T05:37:19Z" level=info msg="start to list devices"
time="2023-10-03T05:37:23Z" level=info msg="num: 4  next check:  1s"
time="2023-10-03T05:37:24Z" level=info msg="start to list devices"
time="2023-10-03T05:37:37Z" level=info msg="num: 4  next check:  1s"
time="2023-10-03T05:37:38Z" level=info msg="start to list devices"
time="2023-10-03T05:37:50Z" level=info msg="num: 5  next check:  1s"
time="2023-10-03T05:37:51Z" level=info msg="start to list devices"
time="2023-10-03T05:37:55Z" level=info msg="num: 5  next check:  1s"
time="2023-10-03T05:37:56Z" level=info msg="start to list devices"
time="2023-10-03T05:37:58Z" level=info msg="num: 5  next check:  1s"
time="2023-10-03T05:37:59Z" level=info msg="start to list devices"
time="2023-10-03T05:38:01Z" level=info msg="Allocate called"
time="2023-10-03T05:38:01Z" level=info msg="received request: 0-001300,0-000C00,1-001800,1-000C00,1-000500"
time="2023-10-03T05:38:02Z" level=info msg="num: 5  next check:  1s"
time="2023-10-03T05:38:03Z" level=info msg="start to list devices"
time="2023-10-03T05:38:05Z" level=info msg="PreStartContainer called"
time="2023-10-03T05:38:05Z" level=info msg="received request: &PreStartContainerRequest{DevicesIDs:[0-001300 0-000C00 1-001800 1-000C00 1-000500],}"
time="2023-10-03T05:38:07Z" level=info msg="num: 5  next check:  1s"
time="2023-10-03T05:38:08Z" level=info msg="start to list devices"
time="2023-10-03T05:38:11Z" level=info msg="num: 5  next check:  1s"
time="2023-10-03T05:38:12Z" level=info msg="start to list devices"
time="2023-10-03T05:38:15Z" level=info msg="num: 5  next check:  1s"
time="2023-10-03T05:38:16Z" level=info msg="start to list devices"
time="2023-10-03T05:38:20Z" level=info msg="num: 5  next check:  1s"
time="2023-10-03T05:38:21Z" level=info msg="start to list devices"
time="2023-10-03T05:38:24Z" level=info msg="num: 5  next check:  1s"
time="2023-10-03T05:38:25Z" level=info msg="start to list devices"
time="2023-10-03T05:38:28Z" level=info msg="num: 5  next check:  1s"
time="2023-10-03T05:38:29Z" level=info msg="start to list devices"
time="2023-10-03T05:38:31Z" level=info msg="reconfig event: Pod, falcon-pod-01, Reconfig\n"
time="2023-10-03T05:38:32Z" level=info msg="num: 5  next check:  1s"
time="2023-10-03T05:38:33Z" level=info msg="start to list devices"
time="2023-10-03T05:38:36Z" level=info msg="num: 5  next check:  1s"
time="2023-10-03T05:38:37Z" level=info msg="start to list devices"
time="2023-10-03T05:38:40Z" level=info msg="num: 5  next check:  1s"
time="2023-10-03T05:38:41Z" level=info msg="start to list devices"
time="2023-10-03T05:38:44Z" level=info msg="num: 5  next check:  1s"
time="2023-10-03T05:38:45Z" level=info msg="start to list devices"
time="2023-10-03T05:38:48Z" level=info msg="num: 5  next check:  1s"
time="2023-10-03T05:38:49Z" level=info msg="start to list devices"
time="2023-10-03T05:38:52Z" level=info msg="num: 5  next check:  1s"
time="2023-10-03T05:38:53Z" level=info msg="start to list devices"
time="2023-10-03T05:38:54Z" level=info msg="Allocate called"
time="2023-10-03T05:38:54Z" level=info msg="received request: 1-000500,0-001300,0-000C00,1-001800"
time="2023-10-03T05:38:56Z" level=info msg="num: 5  next check:  1s"
time="2023-10-03T05:38:57Z" level=info msg="start to list devices"
time="2023-10-03T05:38:59Z" level=info msg="PreStartContainer called"
time="2023-10-03T05:38:59Z" level=info msg="received request: &PreStartContainerRequest{DevicesIDs:[1-000500 0-001300 0-000C00 1-001800],}"
time="2023-10-03T05:39:00Z" level=info msg="num: 5  next check:  1s"
time="2023-10-03T05:39:01Z" level=info msg="start to list devices"
time="2023-10-03T05:39:03Z" level=info msg="num: 5  next check:  1s"
time="2023-10-03T05:39:04Z" level=info msg="start to list devices"
time="2023-10-03T05:39:07Z" level=info msg="num: 5  next check:  1s"
time="2023-10-03T05:39:08Z" level=info msg="start to list devices"
time="2023-10-03T05:39:12Z" level=info msg="num: 5  next check:  1s"
time="2023-10-03T05:39:13Z" level=info msg="start to list devices"
time="2023-10-03T05:39:16Z" level=info msg="num: 5  next check:  1s"
time="2023-10-03T05:39:17Z" level=info msg="start to list devices"
time="2023-10-03T05:39:19Z" level=info msg="num: 5  next check:  1s"
time="2023-10-03T05:39:20Z" level=info msg="start to list devices"
time="2023-10-03T05:39:25Z" level=info msg="num: 5  next check:  1s"
time="2023-10-03T05:39:26Z" level=info msg="start to list devices"
time="2023-10-03T05:39:38Z" level=info msg="num: 4  next check:  1s"
time="2023-10-03T05:39:39Z" level=info msg="start to list devices"
time="2023-10-03T05:39:54Z" level=info msg="num: 4  next check:  1s"
time="2023-10-03T05:39:55Z" level=info msg="start to list devices"
time="2023-10-03T05:39:59Z" level=info msg="num: 4  next check:  1s"
time="2023-10-03T05:40:00Z" level=info msg="start to list devices"
time="2023-10-03T05:40:03Z" level=info msg="num: 4  next check:  1s"
time="2023-10-03T05:40:04Z" level=info msg="start to list devices"
time="2023-10-03T05:40:06Z" level=info msg="num: 4  next check:  1s"
time="2023-10-03T05:40:07Z" level=info msg="start to list devices"
time="2023-10-03T05:40:10Z" level=info msg="num: 4  next check:  1s"
time="2023-10-03T05:40:11Z" level=info msg="start to list devices"
time="2023-10-03T05:40:14Z" level=info msg="num: 4  next check:  1s"
time="2023-10-03T05:40:15Z" level=info msg="start to list devices"
time="2023-10-03T05:40:18Z" level=info msg="num: 4  next check:  1s"
time="2023-10-03T05:40:19Z" level=info msg="start to list devices"
time="2023-10-03T05:40:22Z" level=info msg="num: 4  next check:  1s"
time="2023-10-03T05:40:23Z" level=info msg="start to list devices"
time="2023-10-03T05:40:26Z" level=info msg="num: 4  next check:  1s"
time="2023-10-03T05:40:27Z" level=info msg="start to list devices"
time="2023-10-03T05:40:31Z" level=info msg="reconfig event: Pod, falcon-pod-03, Reconfig\n"
time="2023-10-03T05:40:31Z" level=info msg="num: 4  next check:  1s"
time="2023-10-03T05:40:32Z" level=info msg="start to list devices"
time="2023-10-03T05:40:35Z" level=info msg="num: 4  next check:  1s"
time="2023-10-03T05:40:36Z" level=info msg="start to list devices"
time="2023-10-03T05:40:39Z" level=info msg="num: 4  next check:  1s"
time="2023-10-03T05:40:40Z" level=info msg="start to list devices"
time="2023-10-03T05:40:43Z" level=info msg="num: 4  next check:  1s"
time="2023-10-03T05:40:44Z" level=info msg="start to list devices"
time="2023-10-03T05:40:47Z" level=info msg="num: 4  next check:  1s"
time="2023-10-03T05:40:48Z" level=info msg="start to list devices"
time="2023-10-03T05:40:50Z" level=info msg="num: 4  next check:  1s"
time="2023-10-03T05:40:51Z" level=info msg="start to list devices"
time="2023-10-03T05:40:56Z" level=info msg="num: 4  next check:  1s"
time="2023-10-03T05:40:57Z" level=info msg="start to list devices"
time="2023-10-03T05:41:03Z" level=info msg="num: 4  next check:  1s"
time="2023-10-03T05:41:04Z" level=info msg="start to list devices"
time="2023-10-03T05:41:07Z" level=info msg="num: 4  next check:  1s"
time="2023-10-03T05:41:08Z" level=info msg="start to list devices"
time="2023-10-03T05:41:10Z" level=info msg="num: 4  next check:  1s"
time="2023-10-03T05:41:11Z" level=info msg="start to list devices"
time="2023-10-03T05:41:14Z" level=info msg="num: 4  next check:  1s"
time="2023-10-03T05:41:15Z" level=info msg="start to list devices"
time="2023-10-03T05:41:18Z" level=info msg="num: 4  next check:  1s"
time="2023-10-03T05:41:19Z" level=info msg="start to list devices"
time="2023-10-03T05:41:21Z" level=info msg="num: 4  next check:  1s"
time="2023-10-03T05:41:22Z" level=info msg="start to list devices"
time="2023-10-03T05:41:27Z" level=info msg="num: 4  next check:  1s"
time="2023-10-03T05:41:28Z" level=info msg="start to list devices"
time="2023-10-03T05:41:32Z" level=info msg="num: 4  next check:  1s"
time="2023-10-03T05:41:33Z" level=info msg="start to list devices"
time="2023-10-03T05:41:35Z" level=info msg="num: 4  next check:  1s"
time="2023-10-03T05:41:36Z" level=info msg="start to list devices"
time="2023-10-03T05:41:39Z" level=info msg="num: 4  next check:  1s"
time="2023-10-03T05:41:40Z" level=info msg="start to list devices"
time="2023-10-03T05:41:42Z" level=info msg="num: 4  next check:  1s"
time="2023-10-03T05:41:43Z" level=info msg="start to list devices"
time="2023-10-03T05:41:46Z" level=info msg="num: 4  next check:  1s"
time="2023-10-03T05:41:47Z" level=info msg="start to list devices"
time="2023-10-03T05:41:50Z" level=info msg="num: 4  next check:  1s"
time="2023-10-03T05:41:51Z" level=info msg="start to list devices"
time="2023-10-03T05:41:54Z" level=info msg="num: 4  next check:  1s"
time="2023-10-03T05:41:55Z" level=info msg="start to list devices"
time="2023-10-03T05:41:59Z" level=info msg="num: 4  next check:  1s"
time="2023-10-03T05:42:00Z" level=info msg="start to list devices"
time="2023-10-03T05:42:05Z" level=info msg="num: 4  next check:  1s"
time="2023-10-03T05:42:06Z" level=info msg="start to list devices"
time="2023-10-03T05:42:08Z" level=info msg="num: 4  next check:  1s"
time="2023-10-03T05:42:09Z" level=info msg="start to list devices"
time="2023-10-03T05:42:12Z" level=info msg="num: 4  next check:  1s"
time="2023-10-03T05:42:13Z" level=info msg="start to list devices"
time="2023-10-03T05:42:15Z" level=info msg="num: 4  next check:  1s"
time="2023-10-03T05:42:16Z" level=info msg="start to list devices"
time="2023-10-03T05:42:19Z" level=info msg="num: 4  next check:  1s"
time="2023-10-03T05:42:20Z" level=info msg="start to list devices"
time="2023-10-03T05:42:24Z" level=info msg="num: 4  next check:  1s"
time="2023-10-03T05:42:25Z" level=info msg="start to list devices"
time="2023-10-03T05:42:29Z" level=info msg="num: 4  next check:  1s"
time="2023-10-03T05:42:30Z" level=info msg="start to list devices"
time="2023-10-03T05:42:32Z" level=info msg="num: 4  next check:  30s"
time="2023-10-03T05:43:02Z" level=info msg="start to list devices"
time="2023-10-03T05:43:06Z" level=info msg="num: 4  next check:  30s"
time="2023-10-03T05:43:36Z" level=info msg="start to list devices"
time="2023-10-03T05:43:41Z" level=info msg="num: 4  next check:  30s"
time="2023-10-03T05:44:11Z" level=info msg="start to list devices"
time="2023-10-03T05:44:16Z" level=info msg="num: 4  next check:  30s"
time="2023-10-03T05:44:46Z" level=info msg="start to list devices"
time="2023-10-03T05:44:52Z" level=info msg="num: 4  next check:  30s"
time="2023-10-03T05:45:22Z" level=info msg="start to list devices"
time="2023-10-03T05:45:27Z" level=info msg="num: 4  next check:  30s"
time="2023-10-03T05:45:57Z" level=info msg="start to list devices"
time="2023-10-03T05:46:02Z" level=info msg="num: 4  next check:  30s"
time="2023-10-03T05:46:33Z" level=info msg="start to list devices"
time="2023-10-03T05:46:38Z" level=info msg="num: 4  next check:  30s"
time="2023-10-03T05:47:08Z" level=info msg="start to list devices"
time="2023-10-03T05:47:13Z" level=info msg="num: 4  next check:  30s"
time="2023-10-03T05:47:43Z" level=info msg="start to list devices"
time="2023-10-03T05:47:49Z" level=info msg="num: 4  next check:  30s"
time="2023-10-03T05:48:19Z" level=info msg="start to list devices"
time="2023-10-03T05:48:25Z" level=info msg="num: 4  next check:  30s"
time="2023-10-03T05:48:55Z" level=info msg="start to list devices"
time="2023-10-03T05:49:00Z" level=info msg="num: 4  next check:  30s"
time="2023-10-03T05:49:30Z" level=info msg="start to list devices"
time="2023-10-03T05:49:35Z" level=info msg="num: 4  next check:  30s"
time="2023-10-03T05:50:05Z" level=info msg="start to list devices"
time="2023-10-03T05:50:11Z" level=info msg="num: 4  next check:  30s"
time="2023-10-03T05:50:41Z" level=info msg="start to list devices"
time="2023-10-03T05:50:46Z" level=info msg="num: 4  next check:  30s"
time="2023-10-03T05:51:16Z" level=info msg="start to list devices"
time="2023-10-03T05:51:22Z" level=info msg="num: 4  next check:  30s"
time="2023-10-03T05:51:52Z" level=info msg="start to list devices"
time="2023-10-03T05:51:57Z" level=info msg="num: 4  next check:  30s"
time="2023-10-03T05:52:27Z" level=info msg="start to list devices"
time="2023-10-03T05:52:33Z" level=info msg="num: 4  next check:  30s"
time="2023-10-03T05:53:03Z" level=info msg="start to list devices"
time="2023-10-03T05:53:06Z" level=info msg="num: 4  next check:  30s"
time="2023-10-03T05:53:36Z" level=info msg="start to list devices"
time="2023-10-03T05:53:39Z" level=info msg="num: 4  next check:  30s"
time="2023-10-03T05:54:09Z" level=info msg="start to list devices"
time="2023-10-03T05:54:12Z" level=info msg="num: 4  next check:  30s"
time="2023-10-03T05:54:42Z" level=info msg="start to list devices"
time="2023-10-03T05:54:45Z" level=info msg="num: 4  next check:  30s"
time="2023-10-03T05:55:15Z" level=info msg="start to list devices"
time="2023-10-03T05:55:18Z" level=info msg="num: 4  next check:  30s"
time="2023-10-03T05:55:48Z" level=info msg="start to list devices"
time="2023-10-03T05:55:51Z" level=info msg="num: 4  next check:  30s"
time="2023-10-03T05:56:21Z" level=info msg="start to list devices"
time="2023-10-03T05:56:23Z" level=info msg="num: 4  next check:  30s"
