2023/10/03 05:19:04 dev: map[0-000500:0 0-000C00:0 0-001300:48 0-001800:0 1-000500:0 1-000C00:48 1-001300:48 1-001800:48]
2023/10/03 05:19:04 reconfig event: Pod, falcon-pod-03, Reconfig
already scheduled or done 
2023/10/03 05:21:56 reconfig event: Pod, falcon-pod-01, Reconfig
2023/10/03 05:21:59 ready for reconfig
2023/10/03 05:21:59 start to reconfig...
2023/10/03 05:21:59 dst: css-host-128, require: 1
&{{"gep" : "0", "dev_gid" : "000500"} 0 -1}
2023/10/03 05:22:02 dev: map[0-000500:0 0-000C00:0 0-001300:48 0-001800:0 1-000500:0 1-000C00:48 1-001300:48 1-001800:48]
2023/10/03 05:22:02 usedGPUs: map[], optionGPUs: [{1-000500 0 0} {0-001800 0 0} {0-000C00 0 0} {0-000500 0 0}]
2023/10/03 05:22:02 unassign -> gep: 0, dev_gid: 000500, endpoint: http://9.2.130.148:80/h3api/v1/allocation
2023/10/03 05:22:07 unassign result: true
2023/10/03 05:22:07 assign -> gep: 0, port_gid: 30h, dev_gid: 000500, endpoint: http://9.2.130.148:80/h3api/v1/allocation
2023/10/03 05:22:18 assign result: false
2023/10/03 05:22:24 assign double check result: true
2023/10/03 05:22:24 current demand: 0
2023/10/03 05:22:24 reconfig result: true
2023/10/03 05:24:31 reconfig event: Pod, falcon-pod-03, Reconfig
2023/10/03 05:24:31 pod name: falcon-pod-01, pod status: Succeeded
getGID in falcon-pod-02, default
2023/10/03 05:24:31 pod name: falcon-pod-02, pod status: Running
2023/10/03 05:24:35 ready for reconfig
2023/10/03 05:24:35 start to reconfig...
2023/10/03 05:24:35 dst: css-host-129, require: 1
2023/10/03 05:24:38 dev: map[0-000500:0 0-000C00:0 0-001300:48 0-001800:0 1-000500:48 1-000C00:48 1-001300:48 1-001800:48]
2023/10/03 05:24:38 usedGPUs: map[0-001300:{} 1-000500:{} 1-000C00:{} 1-001800:{}], optionGPUs: [{1-001300 48 0}]
2023/10/03 05:24:38 unassign -> gep: 0, dev_gid: 001300, endpoint: http://9.2.130.148:80/h3api/v1/allocation
&{{"gep" : "0", "dev_gid" : "001300"} 0 -1}
2023/10/03 05:24:46 unassign result: true
2023/10/03 05:24:46 assign -> gep: 0, port_gid: 00h, dev_gid: 001300, endpoint: http://9.2.130.148:80/h3api/v1/allocation
2023/10/03 05:25:02 assign result: false
2023/10/03 05:25:07 assign double check result: true
2023/10/03 05:25:07 current demand: 0
2023/10/03 05:25:07 reconfig result: true
2023/10/03 05:26:18 reconfig event: Pod, falcon-pod-01, Reconfig
2023/10/03 05:26:21 ready for reconfig
2023/10/03 05:26:22 start to reconfig...
2023/10/03 05:26:22 dst: css-host-128, require: 1
&{{"gep" : "0", "dev_gid" : "001800"} 0 -1}
2023/10/03 05:26:25 dev: map[0-000500:0 0-000C00:0 0-001300:48 0-001800:0 1-000500:48 1-000C00:48 1-001300:0 1-001800:48]
2023/10/03 05:26:25 usedGPUs: map[], optionGPUs: [{0-001800 0 0} {0-000C00 0 0} {0-000500 0 0} {1-001300 0 0}]
2023/10/03 05:26:25 unassign -> gep: 0, dev_gid: 001800, endpoint: http://9.2.130.147:80/h3api/v1/allocation
2023/10/03 05:26:32 unassign result: true
2023/10/03 05:26:32 assign -> gep: 0, port_gid: 30h, dev_gid: 001800, endpoint: http://9.2.130.147:80/h3api/v1/allocation
2023/10/03 05:26:48 assign result: false
2023/10/03 05:26:53 assign double check result: true
2023/10/03 05:26:53 current demand: 0
2023/10/03 05:26:53 reconfig result: true
2023/10/03 05:28:12 reconfig event: Pod, falcon-pod-03, Reconfig
2023/10/03 05:28:12 pod name: falcon-pod-01, pod status: Succeeded
2023/10/03 05:28:12 pod name: falcon-pod-02, pod status: Running
getGID in falcon-pod-02, default
2023/10/03 05:28:16 ready for reconfig
2023/10/03 05:28:16 start to reconfig...
2023/10/03 05:28:16 dst: css-host-129, require: 1
2023/10/03 05:28:22 dev: map[0-000500:0 0-000C00:0 0-001300:48 0-001800:48 1-000500:48 1-000C00:48 1-001300:0 1-001800:48]
2023/10/03 05:28:22 usedGPUs: map[0-001300:{} 0-001800:{} 1-000500:{} 1-000C00:{}], optionGPUs: [{1-001800 48 0}]
2023/10/03 05:28:22 unassign -> gep: 0, dev_gid: 001800, endpoint: http://9.2.130.148:80/h3api/v1/allocation
&{{"gep" : "0", "dev_gid" : "001800"} 0 -1}
2023/10/03 05:28:29 unassign result: true
2023/10/03 05:28:29 assign -> gep: 0, port_gid: 00h, dev_gid: 001800, endpoint: http://9.2.130.148:80/h3api/v1/allocation
2023/10/03 05:28:45 assign result: false
2023/10/03 05:28:50 assign double check result: true
2023/10/03 05:28:50 current demand: 0
2023/10/03 05:28:50 reconfig result: true
2023/10/03 05:29:55 reconfig event: Pod, falcon-pod-01, Reconfig
2023/10/03 05:29:58 ready for reconfig
2023/10/03 05:29:58 start to reconfig...
2023/10/03 05:29:58 dst: css-host-128, require: 1
&{{"gep" : "0", "dev_gid" : "000C00"} 0 -1}
2023/10/03 05:30:01 dev: map[0-000500:0 0-000C00:0 0-001300:48 0-001800:48 1-000500:48 1-000C00:48 1-001300:0 1-001800:0]
2023/10/03 05:30:01 usedGPUs: map[], optionGPUs: [{0-000C00 0 0} {0-000500 0 0} {1-001300 0 0} {1-001800 0 0}]
2023/10/03 05:30:01 unassign -> gep: 0, dev_gid: 000C00, endpoint: http://9.2.130.147:80/h3api/v1/allocation
2023/10/03 05:30:09 unassign result: true
2023/10/03 05:30:09 assign -> gep: 0, port_gid: 30h, dev_gid: 000C00, endpoint: http://9.2.130.147:80/h3api/v1/allocation
2023/10/03 05:30:25 assign result: false
2023/10/03 05:30:30 assign double check result: true
2023/10/03 05:30:30 current demand: 0
2023/10/03 05:30:30 reconfig result: true
2023/10/03 05:31:54 reconfig event: Pod, falcon-pod-03, Reconfig
2023/10/03 05:31:54 pod name: falcon-pod-01, pod status: Succeeded
2023/10/03 05:31:54 pod name: falcon-pod-02, pod status: Running
getGID in falcon-pod-02, default
2023/10/03 05:31:58 ready for reconfig
2023/10/03 05:31:58 start to reconfig...
2023/10/03 05:31:58 dst: css-host-129, require: 1
&{{"gep" : "0", "dev_gid" : "001800"} 0 -1}
2023/10/03 05:32:05 dev: map[0-000500:0 0-000C00:48 0-001300:48 0-001800:48 1-000500:48 1-000C00:48 1-001300:0 1-001800:0]
2023/10/03 05:32:05 usedGPUs: map[0-000C00:{} 0-001300:{} 1-000500:{} 1-000C00:{}], optionGPUs: [{0-001800 48 0}]
2023/10/03 05:32:05 unassign -> gep: 0, dev_gid: 001800, endpoint: http://9.2.130.147:80/h3api/v1/allocation
2023/10/03 05:32:12 unassign result: true
2023/10/03 05:32:12 assign -> gep: 0, port_gid: 00h, dev_gid: 001800, endpoint: http://9.2.130.147:80/h3api/v1/allocation
2023/10/03 05:32:27 assign result: false
2023/10/03 05:32:33 assign double check result: true
2023/10/03 05:32:33 current demand: 0
2023/10/03 05:32:33 reconfig result: true
2023/10/03 05:33:40 reconfig event: Pod, falcon-pod-01, Reconfig
2023/10/03 05:33:43 ready for reconfig
2023/10/03 05:33:44 start to reconfig...
2023/10/03 05:33:44 dst: css-host-128, require: 1
&{{"gep" : "0", "dev_gid" : "001800"} 0 -1}
2023/10/03 05:33:46 dev: map[0-000500:0 0-000C00:48 0-001300:48 0-001800:0 1-000500:48 1-000C00:48 1-001300:0 1-001800:0]
2023/10/03 05:33:46 usedGPUs: map[], optionGPUs: [{1-001800 0 0} {0-001800 0 0} {0-000500 0 0} {1-001300 0 0}]
2023/10/03 05:33:46 unassign -> gep: 0, dev_gid: 001800, endpoint: http://9.2.130.148:80/h3api/v1/allocation
2023/10/03 05:33:53 unassign result: true
2023/10/03 05:33:53 assign -> gep: 0, port_gid: 30h, dev_gid: 001800, endpoint: http://9.2.130.148:80/h3api/v1/allocation
2023/10/03 05:34:08 assign result: false
2023/10/03 05:34:14 assign double check result: true
2023/10/03 05:34:14 current demand: 0
2023/10/03 05:34:14 reconfig result: true
2023/10/03 05:35:30 reconfig event: Pod, falcon-pod-03, Reconfig
2023/10/03 05:35:30 pod name: falcon-pod-01, pod status: Succeeded
2023/10/03 05:35:30 pod name: falcon-pod-02, pod status: Running
getGID in falcon-pod-02, default
2023/10/03 05:35:34 ready for reconfig
2023/10/03 05:35:34 start to reconfig...
2023/10/03 05:35:34 dst: css-host-129, require: 1
&{{"gep" : "0", "dev_gid" : "001300"} 0 -1}
2023/10/03 05:35:39 dev: map[0-000500:0 0-000C00:48 0-001300:48 0-001800:0 1-000500:48 1-000C00:48 1-001300:0 1-001800:48]
2023/10/03 05:35:39 usedGPUs: map[0-000C00:{} 1-000500:{} 1-000C00:{} 1-001800:{}], optionGPUs: [{0-001300 48 0}]
2023/10/03 05:35:39 unassign -> gep: 0, dev_gid: 001300, endpoint: http://9.2.130.147:80/h3api/v1/allocation
2023/10/03 05:35:46 unassign result: true
2023/10/03 05:35:46 assign -> gep: 0, port_gid: 00h, dev_gid: 001300, endpoint: http://9.2.130.147:80/h3api/v1/allocation
2023/10/03 05:36:01 assign result: false
2023/10/03 05:36:07 assign double check result: true
2023/10/03 05:36:07 current demand: 0
2023/10/03 05:36:07 reconfig result: true
2023/10/03 05:37:14 reconfig event: Pod, falcon-pod-01, Reconfig
2023/10/03 05:37:17 ready for reconfig
2023/10/03 05:37:18 start to reconfig...
2023/10/03 05:37:18 dst: css-host-128, require: 1
2023/10/03 05:37:22 dev: map[0-000500:0 0-000C00:48 0-001300:0 0-001800:0 1-000500:48 1-000C00:48 1-001300:0 1-001800:48]
2023/10/03 05:37:22 usedGPUs: map[], optionGPUs: [{0-001300 0 0} {0-001800 0 0} {0-000500 0 0} {1-001300 0 0}]
2023/10/03 05:37:22 unassign -> gep: 0, dev_gid: 001300, endpoint: http://9.2.130.147:80/h3api/v1/allocation
&{{"gep" : "0", "dev_gid" : "001300"} 0 -1}
2023/10/03 05:37:29 unassign result: true
2023/10/03 05:37:29 assign -> gep: 0, port_gid: 30h, dev_gid: 001300, endpoint: http://9.2.130.147:80/h3api/v1/allocation
2023/10/03 05:37:44 assign result: false
2023/10/03 05:37:49 assign double check result: true
2023/10/03 05:37:49 current demand: 0
2023/10/03 05:37:49 reconfig result: true
2023/10/03 05:39:19 reconfig event: Pod, falcon-pod-03, Reconfig
2023/10/03 05:39:19 pod name: falcon-pod-01, pod status: Succeeded
getGID in falcon-pod-02, default
2023/10/03 05:39:19 pod name: falcon-pod-02, pod status: Running
2023/10/03 05:39:23 ready for reconfig
2023/10/03 05:39:23 start to reconfig...
2023/10/03 05:39:23 dst: css-host-129, require: 1
2023/10/03 05:39:27 dev: map[0-000500:0 0-000C00:48 0-001300:48 0-001800:0 1-000500:48 1-000C00:48 1-001300:0 1-001800:48]
2023/10/03 05:39:27 usedGPUs: map[0-000C00:{} 0-001300:{} 1-000500:{} 1-001800:{}], optionGPUs: [{1-000C00 48 0}]
2023/10/03 05:39:27 unassign -> gep: 0, dev_gid: 000C00, endpoint: http://9.2.130.148:80/h3api/v1/allocation
&{{"gep" : "0", "dev_gid" : "000C00"} 0 -1}
2023/10/03 05:39:34 unassign result: true
2023/10/03 05:39:34 assign -> gep: 0, port_gid: 00h, dev_gid: 000C00, endpoint: http://9.2.130.148:80/h3api/v1/allocation
2023/10/03 05:39:50 assign result: false
2023/10/03 05:39:55 assign double check result: true
2023/10/03 05:39:55 current demand: 0
2023/10/03 05:39:55 reconfig result: true
