time="2023-10-13T14:09:44Z" level=info msg="falcon device plugin starting"
time="2023-10-13T14:09:44Z" level=info msg="ips:  [9.2.131.129 9.2.131.128]"
time="2023-10-13T14:09:44Z" level=info msg="host_ports:  [0 48]"
time="2023-10-13T14:09:44Z" level=info msg="Register to kubelet with endpoint falcon.sock"
time="2023-10-13T14:09:45Z" level=info msg="start GPPC server for 'falcon.com/gpu'"
time="2023-10-13T14:09:46Z" level=info msg="GetDevicePluginOptions called"
time="2023-10-13T14:09:46Z" level=info msg="register to kubelet successfully"
time="2023-10-13T14:09:46Z" level=info msg="device plugin socket name:/var/lib/kubelet/device-plugins/kubelet.sock"
time="2023-10-13T14:09:46Z" level=info msg="ListAndWatch called"
time="2023-10-13T14:09:46Z" level=info msg="devs:  [&Device{ID:1-001300,Health:Healthy,Topology:nil,} &Device{ID:1-001800,Health:Healthy,Topology:nil,} &Device{ID:0-000C00,Health:Healthy,Topology:nil,}]"
time="2023-10-13T14:09:46Z" level=info msg="watching kubelet.sock"
time="2023-10-13T14:09:47Z" level=info msg="num: 3 time: 1.486975433s next check: 20s"
time="2023-10-13T14:09:47Z" level=info msg="[GPU-4e2579c9-a8d8-fdcb-96ac-44a868d4f832 GPU-a13707d8-d82e-f4bc-cf77-eaf4041be4d4 GPU-ff8b9fd0-3617-4bfe-9293-992f2057d9b4] [&Device{ID:1-001300,Health:Healthy,Topology:nil,} &Device{ID:1-001800,Health:Healthy,Topology:nil,} &Device{ID:0-000C00,Health:Healthy,Topology:nil,}]"
time="2023-10-13T14:10:59Z" level=info msg="reconfig event: Pod, falcon-pod-03, Reconfig\n"
time="2023-10-13T14:11:15Z" level=info msg="num: 4 time: 3.294409414s next check: 0s"
time="2023-10-13T14:11:15Z" level=info msg="[GPU-03ac85fc-b0a0-ce2f-7363-61217c59c625 GPU-4e2579c9-a8d8-fdcb-96ac-44a868d4f832 GPU-a13707d8-d82e-f4bc-cf77-eaf4041be4d4 GPU-ff8b9fd0-3617-4bfe-9293-992f2057d9b4] [&Device{ID:0-001800,Health:Healthy,Topology:nil,} &Device{ID:1-001300,Health:Healthy,Topology:nil,} &Device{ID:1-001800,Health:Healthy,Topology:nil,} &Device{ID:0-000C00,Health:Healthy,Topology:nil,}]"
time="2023-10-13T14:11:18Z" level=info msg="Allocate called"
time="2023-10-13T14:11:18Z" level=info msg="received request: 0-000C00,0-001800,1-001300,1-001800"
time="2023-10-13T14:11:22Z" level=info msg="PreStartContainer called"
time="2023-10-13T14:11:22Z" level=info msg="received request: &PreStartContainerRequest{DevicesIDs:[1-001300 1-001800 0-000C00 0-001800],}"
Get "http://9.2.130.148:80/h3api/v1/resources": EOF
time="2023-10-13T14:12:04Z" level=info msg="num: 2 time: 3.008470167s next check: 0s"
time="2023-10-13T14:12:04Z" level=info msg="[GPU-4e2579c9-a8d8-fdcb-96ac-44a868d4f832 GPU-a13707d8-d82e-f4bc-cf77-eaf4041be4d4] [&Device{ID:1-001300,Health:Healthy,Topology:nil,} &Device{ID:1-001800,Health:Healthy,Topology:nil,}]"
time="2023-10-13T14:12:07Z" level=info msg="num: 4 time: 3.009117573s next check: 0s"
time="2023-10-13T14:12:07Z" level=info msg="[GPU-03ac85fc-b0a0-ce2f-7363-61217c59c625 GPU-4e2579c9-a8d8-fdcb-96ac-44a868d4f832 GPU-a13707d8-d82e-f4bc-cf77-eaf4041be4d4 GPU-ff8b9fd0-3617-4bfe-9293-992f2057d9b4] [&Device{ID:0-001800,Health:Healthy,Topology:nil,} &Device{ID:1-001300,Health:Healthy,Topology:nil,} &Device{ID:1-001800,Health:Healthy,Topology:nil,} &Device{ID:0-000C00,Health:Healthy,Topology:nil,}]"
Get "http://9.2.130.148:80/h3api/v1/resources": net/http: HTTP/1.x transport connection broken: malformed MIME header line: /dev/shm/fc2.idq: line 2: syntax error near unexpected token `)'
time="2023-10-13T14:13:28Z" level=info msg="num: 3 time: 3.606201729s next check: 0s"
time="2023-10-13T14:13:28Z" level=info msg="[GPU-03ac85fc-b0a0-ce2f-7363-61217c59c625 GPU-a13707d8-d82e-f4bc-cf77-eaf4041be4d4 GPU-ff8b9fd0-3617-4bfe-9293-992f2057d9b4] [&Device{ID:0-001800,Health:Healthy,Topology:nil,} &Device{ID:1-001800,Health:Healthy,Topology:nil,} &Device{ID:0-000C00,Health:Healthy,Topology:nil,}]"
time="2023-10-13T14:13:59Z" level=info msg="reconfig event: Pod, falcon-pod-01, Reconfig\n"
Get "http://9.2.130.148:80/h3api/v1/resources": EOF
time="2023-10-13T14:14:18Z" level=info msg="num: 2 time: 1.57379959s next check: 0s"
time="2023-10-13T14:14:18Z" level=info msg="[GPU-03ac85fc-b0a0-ce2f-7363-61217c59c625 GPU-ff8b9fd0-3617-4bfe-9293-992f2057d9b4] [&Device{ID:0-001800,Health:Healthy,Topology:nil,} &Device{ID:0-000C00,Health:Healthy,Topology:nil,}]"
time="2023-10-13T14:14:20Z" level=info msg="num: 3 time: 2.022853182s next check: 0s"
time="2023-10-13T14:14:20Z" level=info msg="[GPU-03ac85fc-b0a0-ce2f-7363-61217c59c625 GPU-a13707d8-d82e-f4bc-cf77-eaf4041be4d4 GPU-ff8b9fd0-3617-4bfe-9293-992f2057d9b4] [&Device{ID:0-001800,Health:Healthy,Topology:nil,} &Device{ID:1-001800,Health:Healthy,Topology:nil,} &Device{ID:0-000C00,Health:Healthy,Topology:nil,}]"
time="2023-10-13T14:14:40Z" level=info msg="num: 1 time: 3.374662123s next check: 0s"
time="2023-10-13T14:14:40Z" level=info msg="[GPU-a13707d8-d82e-f4bc-cf77-eaf4041be4d4] [&Device{ID:1-001800,Health:Healthy,Topology:nil,}]"
time="2023-10-13T14:14:43Z" level=info msg="num: 3 time: 2.957227646s next check: 0s"
time="2023-10-13T14:14:43Z" level=info msg="[GPU-03ac85fc-b0a0-ce2f-7363-61217c59c625 GPU-a13707d8-d82e-f4bc-cf77-eaf4041be4d4 GPU-ff8b9fd0-3617-4bfe-9293-992f2057d9b4] [&Device{ID:0-001800,Health:Healthy,Topology:nil,} &Device{ID:1-001800,Health:Healthy,Topology:nil,} &Device{ID:0-000C00,Health:Healthy,Topology:nil,}]"
time="2023-10-13T14:15:00Z" level=info msg="num: 4 time: 3.059154616s next check: 0s"
time="2023-10-13T14:15:00Z" level=info msg="[GPU-03ac85fc-b0a0-ce2f-7363-61217c59c625 GPU-16a0c321-fc4f-fd47-26e7-770eb9ecf5f9 GPU-a13707d8-d82e-f4bc-cf77-eaf4041be4d4 GPU-ff8b9fd0-3617-4bfe-9293-992f2057d9b4] [&Device{ID:0-001800,Health:Healthy,Topology:nil,} &Device{ID:1-000C00,Health:Healthy,Topology:nil,} &Device{ID:1-001800,Health:Healthy,Topology:nil,} &Device{ID:0-000C00,Health:Healthy,Topology:nil,}]"
time="2023-10-13T14:15:02Z" level=info msg="num: 3 time: 2.085405779s next check: 0s"
time="2023-10-13T14:15:02Z" level=info msg="[GPU-03ac85fc-b0a0-ce2f-7363-61217c59c625 GPU-a13707d8-d82e-f4bc-cf77-eaf4041be4d4 GPU-ff8b9fd0-3617-4bfe-9293-992f2057d9b4] [&Device{ID:0-001800,Health:Healthy,Topology:nil,} &Device{ID:1-001800,Health:Healthy,Topology:nil,} &Device{ID:0-000C00,Health:Healthy,Topology:nil,}]"
time="2023-10-13T14:15:07Z" level=info msg="num: 4 time: 3.019760904s next check: 0s"
time="2023-10-13T14:15:07Z" level=info msg="[GPU-03ac85fc-b0a0-ce2f-7363-61217c59c625 GPU-16a0c321-fc4f-fd47-26e7-770eb9ecf5f9 GPU-a13707d8-d82e-f4bc-cf77-eaf4041be4d4 GPU-ff8b9fd0-3617-4bfe-9293-992f2057d9b4] [&Device{ID:0-001800,Health:Healthy,Topology:nil,} &Device{ID:1-000C00,Health:Healthy,Topology:nil,} &Device{ID:1-001800,Health:Healthy,Topology:nil,} &Device{ID:0-000C00,Health:Healthy,Topology:nil,}]"
time="2023-10-13T14:15:10Z" level=info msg="num: 3 time: 3.017976594s next check: 0s"
time="2023-10-13T14:15:10Z" level=info msg="[GPU-03ac85fc-b0a0-ce2f-7363-61217c59c625 GPU-a13707d8-d82e-f4bc-cf77-eaf4041be4d4 GPU-ff8b9fd0-3617-4bfe-9293-992f2057d9b4] [&Device{ID:0-001800,Health:Healthy,Topology:nil,} &Device{ID:1-001800,Health:Healthy,Topology:nil,} &Device{ID:0-000C00,Health:Healthy,Topology:nil,}]"
time="2023-10-13T14:15:13Z" level=info msg="num: 4 time: 3.026669028s next check: 0s"
time="2023-10-13T14:15:13Z" level=info msg="[GPU-03ac85fc-b0a0-ce2f-7363-61217c59c625 GPU-16a0c321-fc4f-fd47-26e7-770eb9ecf5f9 GPU-a13707d8-d82e-f4bc-cf77-eaf4041be4d4 GPU-ff8b9fd0-3617-4bfe-9293-992f2057d9b4] [&Device{ID:0-001800,Health:Healthy,Topology:nil,} &Device{ID:1-000C00,Health:Healthy,Topology:nil,} &Device{ID:1-001800,Health:Healthy,Topology:nil,} &Device{ID:0-000C00,Health:Healthy,Topology:nil,}]"
time="2023-10-13T14:15:16Z" level=info msg="num: 3 time: 2.28985084s next check: 0s"
time="2023-10-13T14:15:16Z" level=info msg="[GPU-03ac85fc-b0a0-ce2f-7363-61217c59c625 GPU-a13707d8-d82e-f4bc-cf77-eaf4041be4d4 GPU-ff8b9fd0-3617-4bfe-9293-992f2057d9b4] [&Device{ID:0-001800,Health:Healthy,Topology:nil,} &Device{ID:1-001800,Health:Healthy,Topology:nil,} &Device{ID:0-000C00,Health:Healthy,Topology:nil,}]"
time="2023-10-13T14:15:51Z" level=info msg="num: 4 time: 7.104624259s next check: 0s"
time="2023-10-13T14:15:51Z" level=info msg="[GPU-03ac85fc-b0a0-ce2f-7363-61217c59c625 GPU-714e2eba-0116-4672-d40e-8e226dc50254 GPU-a13707d8-d82e-f4bc-cf77-eaf4041be4d4 GPU-ff8b9fd0-3617-4bfe-9293-992f2057d9b4] [&Device{ID:0-001800,Health:Healthy,Topology:nil,} &Device{ID:1-000500,Health:Healthy,Topology:nil,} &Device{ID:1-001800,Health:Healthy,Topology:nil,} &Device{ID:0-000C00,Health:Healthy,Topology:nil,}]"
time="2023-10-13T14:15:55Z" level=info msg="Allocate called"
time="2023-10-13T14:15:55Z" level=info msg="received request: 0-001800,1-000500,1-001800,0-000C00"
time="2023-10-13T14:15:59Z" level=info msg="PreStartContainer called"
time="2023-10-13T14:15:59Z" level=info msg="received request: &PreStartContainerRequest{DevicesIDs:[1-001800 0-000C00 0-001800 1-000500],}"
time="2023-10-13T14:16:06Z" level=info msg="num: 4 time: 2.989196655s next check: 0s"
time="2023-10-13T14:16:06Z" level=info msg="[GPU-03ac85fc-b0a0-ce2f-7363-61217c59c625 GPU-16a0c321-fc4f-fd47-26e7-770eb9ecf5f9 GPU-a13707d8-d82e-f4bc-cf77-eaf4041be4d4 GPU-ff8b9fd0-3617-4bfe-9293-992f2057d9b4] [&Device{ID:0-001800,Health:Healthy,Topology:nil,} &Device{ID:1-000C00,Health:Healthy,Topology:nil,} &Device{ID:1-001800,Health:Healthy,Topology:nil,} &Device{ID:0-000C00,Health:Healthy,Topology:nil,}]"
time="2023-10-13T14:16:08Z" level=info msg="num: 4 time: 2.659622064s next check: 0s"
time="2023-10-13T14:16:08Z" level=info msg="[GPU-03ac85fc-b0a0-ce2f-7363-61217c59c625 GPU-714e2eba-0116-4672-d40e-8e226dc50254 GPU-a13707d8-d82e-f4bc-cf77-eaf4041be4d4 GPU-ff8b9fd0-3617-4bfe-9293-992f2057d9b4] [&Device{ID:0-001800,Health:Healthy,Topology:nil,} &Device{ID:1-000500,Health:Healthy,Topology:nil,} &Device{ID:1-001800,Health:Healthy,Topology:nil,} &Device{ID:0-000C00,Health:Healthy,Topology:nil,}]"
time="2023-10-13T14:16:12Z" level=info msg="num: 4 time: 3.280612051s next check: 0s"
time="2023-10-13T14:16:12Z" level=info msg="[GPU-03ac85fc-b0a0-ce2f-7363-61217c59c625 GPU-16a0c321-fc4f-fd47-26e7-770eb9ecf5f9 GPU-a13707d8-d82e-f4bc-cf77-eaf4041be4d4 GPU-ff8b9fd0-3617-4bfe-9293-992f2057d9b4] [&Device{ID:0-001800,Health:Healthy,Topology:nil,} &Device{ID:1-000C00,Health:Healthy,Topology:nil,} &Device{ID:1-001800,Health:Healthy,Topology:nil,} &Device{ID:0-000C00,Health:Healthy,Topology:nil,}]"
time="2023-10-13T14:16:14Z" level=info msg="num: 4 time: 2.34581585s next check: 0s"
time="2023-10-13T14:16:14Z" level=info msg="[GPU-03ac85fc-b0a0-ce2f-7363-61217c59c625 GPU-714e2eba-0116-4672-d40e-8e226dc50254 GPU-a13707d8-d82e-f4bc-cf77-eaf4041be4d4 GPU-ff8b9fd0-3617-4bfe-9293-992f2057d9b4] [&Device{ID:0-001800,Health:Healthy,Topology:nil,} &Device{ID:1-000500,Health:Healthy,Topology:nil,} &Device{ID:1-001800,Health:Healthy,Topology:nil,} &Device{ID:0-000C00,Health:Healthy,Topology:nil,}]"
