time="2023-10-13T14:09:46Z" level=info msg="falcon device plugin starting"
time="2023-10-13T14:09:46Z" level=info msg="ips:  [9.2.131.129 9.2.131.128]"
time="2023-10-13T14:09:46Z" level=info msg="host_ports:  [0 48]"
time="2023-10-13T14:09:46Z" level=info msg="Register to kubelet with endpoint falcon.sock"
time="2023-10-13T14:09:48Z" level=info msg="start GPPC server for 'falcon.com/gpu'"
time="2023-10-13T14:09:49Z" level=info msg="GetDevicePluginOptions called"
time="2023-10-13T14:09:49Z" level=info msg="register to kubelet successfully"
time="2023-10-13T14:09:49Z" level=info msg="device plugin socket name:/var/lib/kubelet/device-plugins/kubelet.sock"
time="2023-10-13T14:09:49Z" level=info msg="watching kubelet.sock"
time="2023-10-13T14:09:49Z" level=info msg="ListAndWatch called"
time="2023-10-13T14:09:49Z" level=info msg="devs:  [&Device{ID:0-000500,Health:Healthy,Topology:nil,} &Device{ID:1-000C00,Health:Healthy,Topology:nil,} &Device{ID:1-000500,Health:Healthy,Topology:nil,} &Device{ID:0-001300,Health:Healthy,Topology:nil,} &Device{ID:0-001800,Health:Healthy,Topology:nil,}]"
time="2023-10-13T14:09:50Z" level=info msg="num: 5 time: 1.103061947s next check: 20s"
time="2023-10-13T14:09:50Z" level=info msg="[GPU-03ac85fc-b0a0-ce2f-7363-61217c59c625 GPU-16a0c321-fc4f-fd47-26e7-770eb9ecf5f9 GPU-3c4fb29f-7325-f918-d89c-084991e91432 GPU-3d0e8f04-ef5e-7c97-365c-3139c5637b11 GPU-714e2eba-0116-4672-d40e-8e226dc50254] [&Device{ID:0-001800,Health:Healthy,Topology:nil,} &Device{ID:1-000C00,Health:Healthy,Topology:nil,} &Device{ID:0-001300,Health:Healthy,Topology:nil,} &Device{ID:0-000500,Health:Healthy,Topology:nil,} &Device{ID:1-000500,Health:Healthy,Topology:nil,}]"
time="2023-10-13T14:10:36Z" level=info msg="Allocate called"
time="2023-10-13T14:10:36Z" level=info msg="received request: 1-000500,1-000C00,0-001300,0-000500"
time="2023-10-13T14:10:40Z" level=info msg="PreStartContainer called"
time="2023-10-13T14:10:40Z" level=info msg="received request: &PreStartContainerRequest{DevicesIDs:[1-000C00 0-001300 0-000500 1-000500],}"
time="2023-10-13T14:10:59Z" level=info msg="reconfig event: Pod, falcon-pod-03, Reconfig\n"
time="2023-10-13T14:11:17Z" level=info msg="num: 4 time: 2.981134577s next check: 0s"
time="2023-10-13T14:11:17Z" level=info msg="[GPU-16a0c321-fc4f-fd47-26e7-770eb9ecf5f9 GPU-3c4fb29f-7325-f918-d89c-084991e91432 GPU-3d0e8f04-ef5e-7c97-365c-3139c5637b11 GPU-714e2eba-0116-4672-d40e-8e226dc50254] [&Device{ID:1-000C00,Health:Healthy,Topology:nil,} &Device{ID:0-001300,Health:Healthy,Topology:nil,} &Device{ID:0-000500,Health:Healthy,Topology:nil,} &Device{ID:1-000500,Health:Healthy,Topology:nil,}]"
Get "http://9.2.130.148:80/h3api/v1/resources": EOF
time="2023-10-13T14:12:54Z" level=info msg="num: 2 time: 3.298984597s next check: 0s"
time="2023-10-13T14:12:54Z" level=info msg="[GPU-16a0c321-fc4f-fd47-26e7-770eb9ecf5f9 GPU-714e2eba-0116-4672-d40e-8e226dc50254] [&Device{ID:1-000C00,Health:Healthy,Topology:nil,} &Device{ID:1-000500,Health:Healthy,Topology:nil,}]"
time="2023-10-13T14:12:57Z" level=info msg="num: 4 time: 3.007273482s next check: 0s"
time="2023-10-13T14:12:57Z" level=info msg="[GPU-16a0c321-fc4f-fd47-26e7-770eb9ecf5f9 GPU-3c4fb29f-7325-f918-d89c-084991e91432 GPU-3d0e8f04-ef5e-7c97-365c-3139c5637b11 GPU-714e2eba-0116-4672-d40e-8e226dc50254] [&Device{ID:1-000C00,Health:Healthy,Topology:nil,} &Device{ID:0-001300,Health:Healthy,Topology:nil,} &Device{ID:0-000500,Health:Healthy,Topology:nil,} &Device{ID:1-000500,Health:Healthy,Topology:nil,}]"
time="2023-10-13T14:13:01Z" level=info msg="num: 4 time: 3.739327133s next check: 0s"
time="2023-10-13T14:13:01Z" level=info msg="[GPU-16a0c321-fc4f-fd47-26e7-770eb9ecf5f9 GPU-3d0e8f04-ef5e-7c97-365c-3139c5637b11 GPU-714e2eba-0116-4672-d40e-8e226dc50254 GPU-ff8b9fd0-3617-4bfe-9293-992f2057d9b4] [&Device{ID:1-000C00,Health:Healthy,Topology:nil,} &Device{ID:0-000500,Health:Healthy,Topology:nil,} &Device{ID:1-000500,Health:Healthy,Topology:nil,} &Device{ID:0-000C00,Health:Healthy,Topology:nil,}]"
time="2023-10-13T14:13:04Z" level=info msg="num: 4 time: 3.149996038s next check: 0s"
time="2023-10-13T14:13:04Z" level=info msg="[GPU-16a0c321-fc4f-fd47-26e7-770eb9ecf5f9 GPU-3c4fb29f-7325-f918-d89c-084991e91432 GPU-3d0e8f04-ef5e-7c97-365c-3139c5637b11 GPU-714e2eba-0116-4672-d40e-8e226dc50254] [&Device{ID:1-000C00,Health:Healthy,Topology:nil,} &Device{ID:0-001300,Health:Healthy,Topology:nil,} &Device{ID:0-000500,Health:Healthy,Topology:nil,} &Device{ID:1-000500,Health:Healthy,Topology:nil,}]"
time="2023-10-13T14:13:35Z" level=info msg="num: 5 time: 7.930781881s next check: 0s"
time="2023-10-13T14:13:35Z" level=info msg="[GPU-16a0c321-fc4f-fd47-26e7-770eb9ecf5f9 GPU-3c4fb29f-7325-f918-d89c-084991e91432 GPU-3d0e8f04-ef5e-7c97-365c-3139c5637b11 GPU-4e2579c9-a8d8-fdcb-96ac-44a868d4f832 GPU-714e2eba-0116-4672-d40e-8e226dc50254] [&Device{ID:1-000C00,Health:Healthy,Topology:nil,} &Device{ID:0-001300,Health:Healthy,Topology:nil,} &Device{ID:0-000500,Health:Healthy,Topology:nil,} &Device{ID:1-001300,Health:Healthy,Topology:nil,} &Device{ID:1-000500,Health:Healthy,Topology:nil,}]"
time="2023-10-13T14:13:43Z" level=info msg="Allocate called"
time="2023-10-13T14:13:43Z" level=info msg="received request: 1-000C00,0-001300,0-000500,1-001300,1-000500"
time="2023-10-13T14:13:48Z" level=info msg="PreStartContainer called"
time="2023-10-13T14:13:48Z" level=info msg="received request: &PreStartContainerRequest{DevicesIDs:[1-000C00 0-001300 0-000500 1-001300 1-000500],}"
time="2023-10-13T14:13:59Z" level=info msg="reconfig event: Pod, falcon-pod-01, Reconfig\n"
Get "http://9.2.130.148:80/h3api/v1/resources": EOF
time="2023-10-13T14:14:20Z" level=info msg="num: 2 time: 2.54353334s next check: 0s"
time="2023-10-13T14:14:20Z" level=info msg="[GPU-3c4fb29f-7325-f918-d89c-084991e91432 GPU-3d0e8f04-ef5e-7c97-365c-3139c5637b11] [&Device{ID:0-001300,Health:Healthy,Topology:nil,} &Device{ID:0-000500,Health:Healthy,Topology:nil,}]"
time="2023-10-13T14:14:21Z" level=info msg="num: 5 time: 1.710971596s next check: 0s"
time="2023-10-13T14:14:21Z" level=info msg="[GPU-16a0c321-fc4f-fd47-26e7-770eb9ecf5f9 GPU-3c4fb29f-7325-f918-d89c-084991e91432 GPU-3d0e8f04-ef5e-7c97-365c-3139c5637b11 GPU-4e2579c9-a8d8-fdcb-96ac-44a868d4f832 GPU-714e2eba-0116-4672-d40e-8e226dc50254] [&Device{ID:1-000C00,Health:Healthy,Topology:nil,} &Device{ID:0-001300,Health:Healthy,Topology:nil,} &Device{ID:0-000500,Health:Healthy,Topology:nil,} &Device{ID:1-001300,Health:Healthy,Topology:nil,} &Device{ID:1-000500,Health:Healthy,Topology:nil,}]"
time="2023-10-13T14:15:06Z" level=info msg="Allocate called"
time="2023-10-13T14:15:06Z" level=info msg="received request: 1-001300,1-000C00,0-001300,0-000500"
time="2023-10-13T14:15:10Z" level=info msg="PreStartContainer called"
time="2023-10-13T14:15:10Z" level=info msg="received request: &PreStartContainerRequest{DevicesIDs:[1-000C00 0-001300 0-000500 1-001300],}"
time="2023-10-13T14:15:40Z" level=info msg="num: 4 time: 7.147614191s next check: 0s"
time="2023-10-13T14:15:40Z" level=info msg="[GPU-16a0c321-fc4f-fd47-26e7-770eb9ecf5f9 GPU-3c4fb29f-7325-f918-d89c-084991e91432 GPU-3d0e8f04-ef5e-7c97-365c-3139c5637b11 GPU-4e2579c9-a8d8-fdcb-96ac-44a868d4f832] [&Device{ID:1-000C00,Health:Healthy,Topology:nil,} &Device{ID:0-001300,Health:Healthy,Topology:nil,} &Device{ID:0-000500,Health:Healthy,Topology:nil,} &Device{ID:1-001300,Health:Healthy,Topology:nil,}]"
