{
    "apiVersion": "v1",
    "items": [
        {
            "apiVersion": "v1",
            "kind": "Pod",
            "metadata": {
                "annotations": {
                    "dst_node": "css-host-128",
                    "gpu_demand": "1",
                    "use_falcon": "true"
                },
                "creationTimestamp": "2023-10-13T14:13:16Z",
                "name": "falcon-pod-01",
                "namespace": "default",
                "resourceVersion": "26215695",
                "uid": "6676c99e-2e30-4257-bb93-89ca8b9c5861"
            },
            "spec": {
                "containers": [
                    {
                        "command": [
                            "sh",
                            "-c",
                            "echo \"start\" \u0026\u0026 /bin/gpu-run 5 5"
                        ],
                        "image": "gpu-test:test",
                        "imagePullPolicy": "Never",
                        "name": "falcon-pod-01",
                        "resources": {
                            "limits": {
                                "cpu": "1",
                                "falcon.com/gpu": "5",
                                "memory": "500Mi"
                            },
                            "requests": {
                                "cpu": "1",
                                "falcon.com/gpu": "5",
                                "memory": "500Mi"
                            }
                        },
                        "terminationMessagePath": "/dev/termination-log",
                        "terminationMessagePolicy": "File",
                        "volumeMounts": [
                            {
                                "mountPath": "/var/run/secrets/kubernetes.io/serviceaccount",
                                "name": "kube-api-access-7ktgf",
                                "readOnly": true
                            }
                        ]
                    }
                ],
                "dnsPolicy": "ClusterFirst",
                "enableServiceLinks": true,
                "nodeName": "css-host-128",
                "preemptionPolicy": "PreemptLowerPriority",
                "priority": 0,
                "restartPolicy": "Never",
                "schedulerName": "my-scheduler",
                "securityContext": {},
                "serviceAccount": "default",
                "serviceAccountName": "default",
                "terminationGracePeriodSeconds": 30,
                "tolerations": [
                    {
                        "effect": "NoExecute",
                        "key": "node.kubernetes.io/not-ready",
                        "operator": "Exists",
                        "tolerationSeconds": 300
                    },
                    {
                        "effect": "NoExecute",
                        "key": "node.kubernetes.io/unreachable",
                        "operator": "Exists",
                        "tolerationSeconds": 300
                    }
                ],
                "volumes": [
                    {
                        "name": "kube-api-access-7ktgf",
                        "projected": {
                            "defaultMode": 420,
                            "sources": [
                                {
                                    "serviceAccountToken": {
                                        "expirationSeconds": 3607,
                                        "path": "token"
                                    }
                                },
                                {
                                    "configMap": {
                                        "items": [
                                            {
                                                "key": "ca.crt",
                                                "path": "ca.crt"
                                            }
                                        ],
                                        "name": "kube-root-ca.crt"
                                    }
                                },
                                {
                                    "downwardAPI": {
                                        "items": [
                                            {
                                                "fieldRef": {
                                                    "apiVersion": "v1",
                                                    "fieldPath": "metadata.namespace"
                                                },
                                                "path": "namespace"
                                            }
                                        ]
                                    }
                                }
                            ]
                        }
                    }
                ]
            },
            "status": {
                "conditions": [
                    {
                        "lastProbeTime": null,
                        "lastTransitionTime": "2023-10-13T14:13:43Z",
                        "reason": "PodCompleted",
                        "status": "True",
                        "type": "Initialized"
                    },
                    {
                        "lastProbeTime": null,
                        "lastTransitionTime": "2023-10-13T14:14:10Z",
                        "reason": "PodCompleted",
                        "status": "False",
                        "type": "Ready"
                    },
                    {
                        "lastProbeTime": null,
                        "lastTransitionTime": "2023-10-13T14:14:10Z",
                        "reason": "PodCompleted",
                        "status": "False",
                        "type": "ContainersReady"
                    },
                    {
                        "lastProbeTime": null,
                        "lastTransitionTime": "2023-10-13T14:13:43Z",
                        "status": "True",
                        "type": "PodScheduled"
                    }
                ],
                "containerStatuses": [
                    {
                        "containerID": "docker://5f58a4a9d4331920e32dd52d25619996408a06eaf041ecc76388f7904b6b9c22",
                        "image": "gpu-test:test",
                        "imageID": "docker://sha256:9d4abacbaae0cd6d0a8ddf1831a6a12758423841bead4cd3bb03665b4e37e2b4",
                        "lastState": {},
                        "name": "falcon-pod-01",
                        "ready": false,
                        "restartCount": 0,
                        "started": false,
                        "state": {
                            "terminated": {
                                "containerID": "docker://5f58a4a9d4331920e32dd52d25619996408a06eaf041ecc76388f7904b6b9c22",
                                "exitCode": 0,
                                "finishedAt": "2023-10-13T14:14:10Z",
                                "reason": "Completed",
                                "startedAt": "2023-10-13T14:13:59Z"
                            }
                        }
                    }
                ],
                "hostIP": "9.2.131.128",
                "phase": "Succeeded",
                "podIP": "10.44.0.2",
                "podIPs": [
                    {
                        "ip": "10.44.0.2"
                    }
                ],
                "qosClass": "Guaranteed",
                "startTime": "2023-10-13T14:13:43Z"
            }
        },
        {
            "apiVersion": "v1",
            "kind": "Pod",
            "metadata": {
                "annotations": {
                    "use_falcon": "true"
                },
                "creationTimestamp": "2023-10-13T14:15:06Z",
                "name": "falcon-pod-02",
                "namespace": "default",
                "resourceVersion": "26216005",
                "uid": "66e28ce5-175c-4ea9-aee7-24ae85569ecf"
            },
            "spec": {
                "containers": [
                    {
                        "command": [
                            "sh",
                            "-c",
                            "echo \"start\" \u0026\u0026 /bin/gpu-run 4 120"
                        ],
                        "image": "gpu-test:test",
                        "imagePullPolicy": "Never",
                        "name": "falcon-pod-02",
                        "resources": {
                            "limits": {
                                "cpu": "1",
                                "falcon.com/gpu": "4",
                                "memory": "500Mi"
                            },
                            "requests": {
                                "cpu": "1",
                                "falcon.com/gpu": "4",
                                "memory": "500Mi"
                            }
                        },
                        "terminationMessagePath": "/dev/termination-log",
                        "terminationMessagePolicy": "File",
                        "volumeMounts": [
                            {
                                "mountPath": "/var/run/secrets/kubernetes.io/serviceaccount",
                                "name": "kube-api-access-lkm4x",
                                "readOnly": true
                            }
                        ]
                    }
                ],
                "dnsPolicy": "ClusterFirst",
                "enableServiceLinks": true,
                "nodeName": "css-host-128",
                "preemptionPolicy": "PreemptLowerPriority",
                "priority": 0,
                "restartPolicy": "Never",
                "schedulerName": "my-scheduler",
                "securityContext": {},
                "serviceAccount": "default",
                "serviceAccountName": "default",
                "terminationGracePeriodSeconds": 30,
                "tolerations": [
                    {
                        "effect": "NoExecute",
                        "key": "node.kubernetes.io/not-ready",
                        "operator": "Exists",
                        "tolerationSeconds": 300
                    },
                    {
                        "effect": "NoExecute",
                        "key": "node.kubernetes.io/unreachable",
                        "operator": "Exists",
                        "tolerationSeconds": 300
                    }
                ],
                "volumes": [
                    {
                        "name": "kube-api-access-lkm4x",
                        "projected": {
                            "defaultMode": 420,
                            "sources": [
                                {
                                    "serviceAccountToken": {
                                        "expirationSeconds": 3607,
                                        "path": "token"
                                    }
                                },
                                {
                                    "configMap": {
                                        "items": [
                                            {
                                                "key": "ca.crt",
                                                "path": "ca.crt"
                                            }
                                        ],
                                        "name": "kube-root-ca.crt"
                                    }
                                },
                                {
                                    "downwardAPI": {
                                        "items": [
                                            {
                                                "fieldRef": {
                                                    "apiVersion": "v1",
                                                    "fieldPath": "metadata.namespace"
                                                },
                                                "path": "namespace"
                                            }
                                        ]
                                    }
                                }
                            ]
                        }
                    }
                ]
            },
            "status": {
                "conditions": [
                    {
                        "lastProbeTime": null,
                        "lastTransitionTime": "2023-10-13T14:15:06Z",
                        "reason": "PodCompleted",
                        "status": "True",
                        "type": "Initialized"
                    },
                    {
                        "lastProbeTime": null,
                        "lastTransitionTime": "2023-10-13T14:17:27Z",
                        "reason": "PodCompleted",
                        "status": "False",
                        "type": "Ready"
                    },
                    {
                        "lastProbeTime": null,
                        "lastTransitionTime": "2023-10-13T14:17:27Z",
                        "reason": "PodCompleted",
                        "status": "False",
                        "type": "ContainersReady"
                    },
                    {
                        "lastProbeTime": null,
                        "lastTransitionTime": "2023-10-13T14:15:06Z",
                        "status": "True",
                        "type": "PodScheduled"
                    }
                ],
                "containerStatuses": [
                    {
                        "containerID": "docker://c2fcb74116e07b408e3d085978d4ac834c53734c5ea624435a0dba4b12b70605",
                        "image": "gpu-test:test",
                        "imageID": "docker://sha256:9d4abacbaae0cd6d0a8ddf1831a6a12758423841bead4cd3bb03665b4e37e2b4",
                        "lastState": {},
                        "name": "falcon-pod-02",
                        "ready": false,
                        "restartCount": 0,
                        "started": false,
                        "state": {
                            "terminated": {
                                "containerID": "docker://c2fcb74116e07b408e3d085978d4ac834c53734c5ea624435a0dba4b12b70605",
                                "exitCode": 0,
                                "finishedAt": "2023-10-13T14:17:26Z",
                                "reason": "Completed",
                                "startedAt": "2023-10-13T14:15:21Z"
                            }
                        }
                    }
                ],
                "hostIP": "9.2.131.128",
                "phase": "Succeeded",
                "podIP": "10.44.0.2",
                "podIPs": [
                    {
                        "ip": "10.44.0.2"
                    }
                ],
                "qosClass": "Guaranteed",
                "startTime": "2023-10-13T14:15:06Z"
            }
        },
        {
            "apiVersion": "v1",
            "kind": "Pod",
            "metadata": {
                "annotations": {
                    "dst_node": "css-host-129",
                    "gpu_demand": "1",
                    "use_falcon": "true"
                },
                "creationTimestamp": "2023-10-13T14:15:27Z",
                "name": "falcon-pod-03",
                "namespace": "default",
                "resourceVersion": "26215900",
                "uid": "f2aa87dd-e55c-46de-9cf3-7f1e17d702d2"
            },
            "spec": {
                "containers": [
                    {
                        "command": [
                            "sh",
                            "-c",
                            "echo \"start\" \u0026\u0026 /bin/gpu-run 4 5"
                        ],
                        "image": "gpu-test:test",
                        "imagePullPolicy": "Never",
                        "name": "falcon-pod-03",
                        "resources": {
                            "limits": {
                                "cpu": "1",
                                "falcon.com/gpu": "4",
                                "memory": "500Mi"
                            },
                            "requests": {
                                "cpu": "1",
                                "falcon.com/gpu": "4",
                                "memory": "500Mi"
                            }
                        },
                        "terminationMessagePath": "/dev/termination-log",
                        "terminationMessagePolicy": "File",
                        "volumeMounts": [
                            {
                                "mountPath": "/var/run/secrets/kubernetes.io/serviceaccount",
                                "name": "kube-api-access-bbrm8",
                                "readOnly": true
                            }
                        ]
                    }
                ],
                "dnsPolicy": "ClusterFirst",
                "enableServiceLinks": true,
                "nodeName": "css-host-129",
                "preemptionPolicy": "PreemptLowerPriority",
                "priority": 0,
                "restartPolicy": "Never",
                "schedulerName": "my-scheduler",
                "securityContext": {},
                "serviceAccount": "default",
                "serviceAccountName": "default",
                "terminationGracePeriodSeconds": 30,
                "tolerations": [
                    {
                        "effect": "NoExecute",
                        "key": "node.kubernetes.io/not-ready",
                        "operator": "Exists",
                        "tolerationSeconds": 300
                    },
                    {
                        "effect": "NoExecute",
                        "key": "node.kubernetes.io/unreachable",
                        "operator": "Exists",
                        "tolerationSeconds": 300
                    }
                ],
                "volumes": [
                    {
                        "name": "kube-api-access-bbrm8",
                        "projected": {
                            "defaultMode": 420,
                            "sources": [
                                {
                                    "serviceAccountToken": {
                                        "expirationSeconds": 3607,
                                        "path": "token"
                                    }
                                },
                                {
                                    "configMap": {
                                        "items": [
                                            {
                                                "key": "ca.crt",
                                                "path": "ca.crt"
                                            }
                                        ],
                                        "name": "kube-root-ca.crt"
                                    }
                                },
                                {
                                    "downwardAPI": {
                                        "items": [
                                            {
                                                "fieldRef": {
                                                    "apiVersion": "v1",
                                                    "fieldPath": "metadata.namespace"
                                                },
                                                "path": "namespace"
                                            }
                                        ]
                                    }
                                }
                            ]
                        }
                    }
                ]
            },
            "status": {
                "conditions": [
                    {
                        "lastProbeTime": null,
                        "lastTransitionTime": "2023-10-13T14:15:55Z",
                        "reason": "PodCompleted",
                        "status": "True",
                        "type": "Initialized"
                    },
                    {
                        "lastProbeTime": null,
                        "lastTransitionTime": "2023-10-13T14:16:18Z",
                        "reason": "PodCompleted",
                        "status": "False",
                        "type": "Ready"
                    },
                    {
                        "lastProbeTime": null,
                        "lastTransitionTime": "2023-10-13T14:16:18Z",
                        "reason": "PodCompleted",
                        "status": "False",
                        "type": "ContainersReady"
                    },
                    {
                        "lastProbeTime": null,
                        "lastTransitionTime": "2023-10-13T14:15:55Z",
                        "status": "True",
                        "type": "PodScheduled"
                    }
                ],
                "containerStatuses": [
                    {
                        "containerID": "docker://714e4f789cf8ce184cf75dff4a5993f8199eaa6d079e984bec00d7b43e1ef56a",
                        "image": "gpu-test:test",
                        "imageID": "docker://sha256:d9a17819cdd977ac459d174c17ed07f2fbb4d171cc9c5b7ab417323788019738",
                        "lastState": {},
                        "name": "falcon-pod-03",
                        "ready": false,
                        "restartCount": 0,
                        "started": false,
                        "state": {
                            "terminated": {
                                "containerID": "docker://714e4f789cf8ce184cf75dff4a5993f8199eaa6d079e984bec00d7b43e1ef56a",
                                "exitCode": 0,
                                "finishedAt": "2023-10-13T14:16:17Z",
                                "reason": "Completed",
                                "startedAt": "2023-10-13T14:16:08Z"
                            }
                        }
                    }
                ],
                "hostIP": "9.2.131.129",
                "phase": "Succeeded",
                "podIP": "10.32.0.10",
                "podIPs": [
                    {
                        "ip": "10.32.0.10"
                    }
                ],
                "qosClass": "Guaranteed",
                "startTime": "2023-10-13T14:15:55Z"
            }
        }
    ],
    "kind": "List",
    "metadata": {
        "resourceVersion": ""
    }
}
