2023/10/13 13:19:11 falconresources-scheduler starts!
I1013 13:19:11.483159       1 flags.go:64] FLAG: --allow-metric-labels="[]"
I1013 13:19:11.483172       1 flags.go:64] FLAG: --authentication-kubeconfig=""
I1013 13:19:11.483176       1 flags.go:64] FLAG: --authentication-skip-lookup="false"
I1013 13:19:11.483179       1 flags.go:64] FLAG: --authentication-token-webhook-cache-ttl="10s"
I1013 13:19:11.483183       1 flags.go:64] FLAG: --authentication-tolerate-lookup-failure="true"
I1013 13:19:11.483188       1 flags.go:64] FLAG: --authorization-always-allow-paths="[/healthz,/readyz,/livez]"
I1013 13:19:11.483193       1 flags.go:64] FLAG: --authorization-kubeconfig=""
I1013 13:19:11.483196       1 flags.go:64] FLAG: --authorization-webhook-cache-authorized-ttl="10s"
I1013 13:19:11.483199       1 flags.go:64] FLAG: --authorization-webhook-cache-unauthorized-ttl="10s"
I1013 13:19:11.483201       1 flags.go:64] FLAG: --bind-address="0.0.0.0"
I1013 13:19:11.483204       1 flags.go:64] FLAG: --cert-dir=""
I1013 13:19:11.483209       1 flags.go:64] FLAG: --client-ca-file=""
I1013 13:19:11.483212       1 flags.go:64] FLAG: --config="/etc/kubernetes/scheduler-config.yaml"
I1013 13:19:11.483215       1 flags.go:64] FLAG: --contention-profiling="true"
I1013 13:19:11.483218       1 flags.go:64] FLAG: --disabled-metrics="[]"
I1013 13:19:11.483224       1 flags.go:64] FLAG: --feature-gates=""
I1013 13:19:11.483228       1 flags.go:64] FLAG: --help="false"
I1013 13:19:11.483231       1 flags.go:64] FLAG: --http2-max-streams-per-connection="0"
I1013 13:19:11.483234       1 flags.go:64] FLAG: --kube-api-burst="100"
I1013 13:19:11.483238       1 flags.go:64] FLAG: --kube-api-content-type="application/vnd.kubernetes.protobuf"
I1013 13:19:11.483258       1 flags.go:64] FLAG: --kube-api-qps="50"
I1013 13:19:11.483263       1 flags.go:64] FLAG: --kubeconfig=""
I1013 13:19:11.483267       1 flags.go:64] FLAG: --leader-elect="true"
I1013 13:19:11.483277       1 flags.go:64] FLAG: --leader-elect-lease-duration="15s"
I1013 13:19:11.483496       1 flags.go:64] FLAG: --leader-elect-renew-deadline="10s"
I1013 13:19:11.483500       1 flags.go:64] FLAG: --leader-elect-resource-lock="leases"
I1013 13:19:11.483504       1 flags.go:64] FLAG: --leader-elect-resource-name="kube-scheduler"
I1013 13:19:11.483506       1 flags.go:64] FLAG: --leader-elect-resource-namespace="kube-system"
I1013 13:19:11.483509       1 flags.go:64] FLAG: --leader-elect-retry-period="2s"
I1013 13:19:11.483513       1 flags.go:64] FLAG: --lock-object-name="kube-scheduler"
I1013 13:19:11.483516       1 flags.go:64] FLAG: --lock-object-namespace="kube-system"
I1013 13:19:11.483519       1 flags.go:64] FLAG: --log-flush-frequency="5s"
I1013 13:19:11.483522       1 flags.go:64] FLAG: --logging-format="text"
I1013 13:19:11.483525       1 flags.go:64] FLAG: --master=""
I1013 13:19:11.483528       1 flags.go:64] FLAG: --permit-address-sharing="false"
I1013 13:19:11.483532       1 flags.go:64] FLAG: --permit-port-sharing="false"
I1013 13:19:11.483534       1 flags.go:64] FLAG: --pod-max-in-unschedulable-pods-duration="5m0s"
I1013 13:19:11.483537       1 flags.go:64] FLAG: --profiling="true"
I1013 13:19:11.483540       1 flags.go:64] FLAG: --requestheader-allowed-names="[]"
I1013 13:19:11.483544       1 flags.go:64] FLAG: --requestheader-client-ca-file=""
I1013 13:19:11.483547       1 flags.go:64] FLAG: --requestheader-extra-headers-prefix="[x-remote-extra-]"
I1013 13:19:11.483555       1 flags.go:64] FLAG: --requestheader-group-headers="[x-remote-group]"
I1013 13:19:11.483560       1 flags.go:64] FLAG: --requestheader-username-headers="[x-remote-user]"
I1013 13:19:11.483564       1 flags.go:64] FLAG: --secure-port="10259"
I1013 13:19:11.483567       1 flags.go:64] FLAG: --show-hidden-metrics-for-version=""
I1013 13:19:11.483569       1 flags.go:64] FLAG: --tls-cert-file=""
I1013 13:19:11.483572       1 flags.go:64] FLAG: --tls-cipher-suites="[]"
I1013 13:19:11.483575       1 flags.go:64] FLAG: --tls-min-version=""
I1013 13:19:11.483577       1 flags.go:64] FLAG: --tls-private-key-file=""
I1013 13:19:11.483579       1 flags.go:64] FLAG: --tls-sni-cert-key="[]"
I1013 13:19:11.483585       1 flags.go:64] FLAG: --v="2"
I1013 13:19:11.483589       1 flags.go:64] FLAG: --version="false"
I1013 13:19:11.483596       1 flags.go:64] FLAG: --vmodule=""
I1013 13:19:11.483599       1 flags.go:64] FLAG: --write-config-to=""
I1013 13:19:11.733086       1 serving.go:348] Generated self-signed cert in-memory
I1013 13:19:11.734552       1 configfile.go:59] "KubeSchedulerConfiguration v1beta3 is deprecated in v1.26, will be removed in v1.29"
W1013 13:19:11.734677       1 client_config.go:618] Neither --kubeconfig nor --master was specified.  Using the inClusterConfig.  This might not work.
I1013 13:19:12.539291       1 requestheader_controller.go:244] Loaded a new request header values for RequestHeaderAuthRequestController
I1013 13:19:12.552559       1 configfile.go:105] "Using component config" config=<
	apiVersion: kubescheduler.config.k8s.io/v1beta3
	clientConnection:
	  acceptContentTypes: ""
	  burst: 100
	  contentType: application/vnd.kubernetes.protobuf
	  kubeconfig: ""
	  qps: 50
	enableContentionProfiling: true
	enableProfiling: true
	kind: KubeSchedulerConfiguration
	leaderElection:
	  leaderElect: false
	  leaseDuration: 15s
	  renewDeadline: 10s
	  resourceLock: leases
	  resourceName: kube-scheduler
	  resourceNamespace: kube-system
	  retryPeriod: 2s
	parallelism: 16
	percentageOfNodesToScore: 0
	podInitialBackoffSeconds: 1
	podMaxBackoffSeconds: 10
	profiles:
	- pluginConfig:
	  - args:
	      apiVersion: kubescheduler.config.k8s.io/v1beta3
	      kind: DefaultPreemptionArgs
	      minCandidateNodesAbsolute: 100
	      minCandidateNodesPercentage: 10
	    name: DefaultPreemption
	  - args:
	      apiVersion: kubescheduler.config.k8s.io/v1beta3
	      hardPodAffinityWeight: 1
	      ignorePreferredTermsOfExistingPods: false
	      kind: InterPodAffinityArgs
	    name: InterPodAffinity
	  - args:
	      apiVersion: kubescheduler.config.k8s.io/v1beta3
	      kind: NodeAffinityArgs
	    name: NodeAffinity
	  - args:
	      apiVersion: kubescheduler.config.k8s.io/v1beta3
	      kind: NodeResourcesBalancedAllocationArgs
	      resources:
	      - name: cpu
	        weight: 1
	      - name: memory
	        weight: 1
	    name: NodeResourcesBalancedAllocation
	  - args:
	      apiVersion: kubescheduler.config.k8s.io/v1beta3
	      ignoredResourceGroups:
	      - falcon.com
	      kind: NodeResourcesFitArgs
	      scoringStrategy:
	        resources:
	        - name: cpu
	          weight: 1
	        - name: memory
	          weight: 1
	        type: LeastAllocated
	    name: NodeResourcesFit
	  - args:
	      apiVersion: kubescheduler.config.k8s.io/v1beta3
	      defaultingType: System
	      kind: PodTopologySpreadArgs
	    name: PodTopologySpread
	  - args:
	      apiVersion: kubescheduler.config.k8s.io/v1beta3
	      bindTimeoutSeconds: 600
	      kind: VolumeBindingArgs
	    name: VolumeBinding
	  plugins:
	    bind: {}
	    filter: {}
	    multiPoint:
	      enabled:
	      - name: PrioritySort
	        weight: 0
	      - name: NodeUnschedulable
	        weight: 0
	      - name: NodeName
	        weight: 0
	      - name: TaintToleration
	        weight: 3
	      - name: NodeAffinity
	        weight: 2
	      - name: NodePorts
	        weight: 0
	      - name: NodeResourcesFit
	        weight: 1
	      - name: VolumeRestrictions
	        weight: 0
	      - name: EBSLimits
	        weight: 0
	      - name: GCEPDLimits
	        weight: 0
	      - name: NodeVolumeLimits
	        weight: 0
	      - name: AzureDiskLimits
	        weight: 0
	      - name: VolumeBinding
	        weight: 0
	      - name: VolumeZone
	        weight: 0
	      - name: PodTopologySpread
	        weight: 2
	      - name: InterPodAffinity
	        weight: 2
	      - name: DefaultPreemption
	        weight: 0
	      - name: NodeResourcesBalancedAllocation
	        weight: 1
	      - name: ImageLocality
	        weight: 1
	      - name: DefaultBinder
	        weight: 0
	      - name: SchedulingGates
	        weight: 0
	      - name: FalconResources
	        weight: 0
	    permit: {}
	    postBind: {}
	    postFilter: {}
	    preBind: {}
	    preEnqueue: {}
	    preFilter: {}
	    preScore: {}
	    queueSort: {}
	    reserve: {}
	    score: {}
	  schedulerName: my-scheduler
 >
I1013 13:19:12.552975       1 server.go:154] "Starting Kubernetes Scheduler" version="v0.0.0-master+$Format:%H$"
I1013 13:19:12.552991       1 server.go:156] "Golang settings" GOGC="" GOMAXPROCS="" GOTRACEBACK=""
I1013 13:19:12.557126       1 requestheader_controller.go:169] Starting RequestHeaderAuthRequestController
I1013 13:19:12.557159       1 configmap_cafile_content.go:202] "Starting controller" name="client-ca::kube-system::extension-apiserver-authentication::client-ca-file"
I1013 13:19:12.557259       1 shared_informer.go:311] Waiting for caches to sync for client-ca::kube-system::extension-apiserver-authentication::client-ca-file
I1013 13:19:12.557271       1 configmap_cafile_content.go:202] "Starting controller" name="client-ca::kube-system::extension-apiserver-authentication::requestheader-client-ca-file"
I1013 13:19:12.557181       1 shared_informer.go:311] Waiting for caches to sync for RequestHeaderAuthRequestController
I1013 13:19:12.557334       1 shared_informer.go:311] Waiting for caches to sync for client-ca::kube-system::extension-apiserver-authentication::requestheader-client-ca-file
I1013 13:19:12.557715       1 tlsconfig.go:200] "Loaded serving cert" certName="Generated self signed cert" certDetail="\"localhost@1697203151\" [serving] validServingFor=[127.0.0.1,localhost,localhost] issuer=\"localhost-ca@1697203151\" (2023-10-13 12:19:11 +0000 UTC to 2024-10-12 12:19:11 +0000 UTC (now=2023-10-13 13:19:12.557660353 +0000 UTC))"
I1013 13:19:12.558413       1 named_certificates.go:53] "Loaded SNI cert" index=0 certName="self-signed loopback" certDetail="\"apiserver-loopback-client@1697203152\" [serving] validServingFor=[apiserver-loopback-client] issuer=\"apiserver-loopback-client-ca@1697203151\" (2023-10-13 12:19:11 +0000 UTC to 2024-10-12 12:19:11 +0000 UTC (now=2023-10-13 13:19:12.558357554 +0000 UTC))"
I1013 13:19:12.558453       1 secure_serving.go:210] Serving securely on [::]:10259
I1013 13:19:12.558516       1 tlsconfig.go:240] "Starting DynamicServingCertificateController"
I1013 13:19:12.569774       1 node_tree.go:65] "Added node in listed group to NodeTree" node="css-host-128" zone=""
I1013 13:19:12.569994       1 node_tree.go:65] "Added node in listed group to NodeTree" node="css-host-129" zone=""
I1013 13:19:12.657470       1 shared_informer.go:318] Caches are synced for client-ca::kube-system::extension-apiserver-authentication::client-ca-file
I1013 13:19:12.657614       1 shared_informer.go:318] Caches are synced for client-ca::kube-system::extension-apiserver-authentication::requestheader-client-ca-file
I1013 13:19:12.657641       1 shared_informer.go:318] Caches are synced for RequestHeaderAuthRequestController
I1013 13:19:12.657977       1 tlsconfig.go:178] "Loaded client CA" index=0 certName="client-ca::kube-system::extension-apiserver-authentication::client-ca-file,client-ca::kube-system::extension-apiserver-authentication::requestheader-client-ca-file" certDetail="\"kubernetes\" [] validServingFor=[kubernetes] issuer=\"<self>\" (2023-02-25 05:20:24 +0000 UTC to 2033-02-22 05:20:24 +0000 UTC (now=2023-10-13 13:19:12.657921433 +0000 UTC))"
I1013 13:19:12.658049       1 tlsconfig.go:178] "Loaded client CA" index=1 certName="client-ca::kube-system::extension-apiserver-authentication::client-ca-file,client-ca::kube-system::extension-apiserver-authentication::requestheader-client-ca-file" certDetail="\"front-proxy-ca\" [] validServingFor=[front-proxy-ca] issuer=\"<self>\" (2023-02-25 05:20:25 +0000 UTC to 2033-02-22 05:20:25 +0000 UTC (now=2023-10-13 13:19:12.658017103 +0000 UTC))"
I1013 13:19:12.658758       1 tlsconfig.go:200] "Loaded serving cert" certName="Generated self signed cert" certDetail="\"localhost@1697203151\" [serving] validServingFor=[127.0.0.1,localhost,localhost] issuer=\"localhost-ca@1697203151\" (2023-10-13 12:19:11 +0000 UTC to 2024-10-12 12:19:11 +0000 UTC (now=2023-10-13 13:19:12.658726207 +0000 UTC))"
I1013 13:19:12.659445       1 named_certificates.go:53] "Loaded SNI cert" index=0 certName="self-signed loopback" certDetail="\"apiserver-loopback-client@1697203152\" [serving] validServingFor=[apiserver-loopback-client] issuer=\"apiserver-loopback-client-ca@1697203151\" (2023-10-13 12:19:11 +0000 UTC to 2024-10-12 12:19:11 +0000 UTC (now=2023-10-13 13:19:12.659414672 +0000 UTC))"
I1013 13:25:52.242229       1 log.go:194] falcon-pod-01 in Prefilter
I1013 13:25:52.242260       1 log.go:194] falcon-pod-01 requires 5 gpu(s), and currently has 8 gpus(s) in total
I1013 13:25:52.252215       1 log.go:194] css-host-128 has 4 gpu, falcon-pod-01 requires 5 gpu -> score: -1
I1013 13:25:52.252263       1 log.go:194] css-host-129 has 4 gpu, falcon-pod-01 requires 5 gpu -> score: -1
I1013 13:25:52.263596       1 event.go:307] "Event occurred" object="default/falcon-pod-01" fieldPath="" kind="Pod" apiVersion="v1" type="Normal" reason="Reconfig" message="Pod falcon-pod-01 needs reconfiguration"
E1013 13:26:32.447063       1 schedule_one.go:883] "Error scheduling pod; retrying" err="" pod="default/falcon-pod-01"
E1013 13:26:32.447148       1 schedule_one.go:902] "Error occurred" err="Pod default/falcon-pod-01 is already present in the active queue"
I1013 13:26:32.454373       1 log.go:194] falcon-pod-01 in Prefilter
I1013 13:26:32.454389       1 log.go:194] falcon-pod-01 requires 5 gpu(s), and currently has 7 gpus(s) in total
I1013 13:26:32.649796       1 log.go:194] css-host-129 has 3 gpu, falcon-pod-01 requires 5 gpu -> score: -2
I1013 13:26:32.649835       1 log.go:194] css-host-128 has 4 gpu, falcon-pod-01 requires 5 gpu -> score: -1
I1013 13:26:32.650048       1 trace.go:219] Trace[1293482293]: "Scheduling" namespace:default,name:falcon-pod-01 (13-Oct-2023 13:26:32.454) (total time: 195ms):
Trace[1293482293]: ---"Computing predicates done" 195ms (13:26:32.649)
Trace[1293482293]: [195.709258ms] [195.709258ms] END
I1013 13:26:33.049915       1 event.go:307] "Event occurred" object="default/falcon-pod-01" fieldPath="" kind="Pod" apiVersion="v1" type="Normal" reason="Reconfig" message="Pod falcon-pod-01 needs reconfiguration"
I1013 13:26:42.051923       1 schedule_one.go:252] "Successfully bound pod to node" pod="default/falcon-pod-01" node="css-host-128" evaluatedNodes=2 feasibleNodes=2
I1013 13:30:09.059439       1 log.go:194] falcon-pod-02 in Prefilter
I1013 13:30:09.059464       1 log.go:194] falcon-pod-02 requires 4 gpu(s), and currently has 8 gpus(s) in total
I1013 13:30:09.066841       1 log.go:194] css-host-128 has 6 gpu, falcon-pod-02 requires 4 gpu -> score: 66
I1013 13:30:09.066875       1 log.go:194] css-host-129 has 2 gpu, falcon-pod-02 requires 4 gpu -> score: -2
I1013 13:30:09.076021       1 schedule_one.go:252] "Successfully bound pod to node" pod="default/falcon-pod-02" node="css-host-128" evaluatedNodes=2 feasibleNodes=2
I1013 13:30:35.582768       1 log.go:194] falcon-pod-03 in Prefilter
I1013 13:30:35.582802       1 log.go:194] falcon-pod-03 requires 4 gpu(s), and currently has 4 gpus(s) in total
I1013 13:30:35.590642       1 log.go:194] css-host-129 has 2 gpu, falcon-pod-03 requires 4 gpu -> score: -2
I1013 13:30:35.590684       1 log.go:194] css-host-128 has 2 gpu, falcon-pod-03 requires 4 gpu -> score: -2
I1013 13:30:35.602693       1 event.go:307] "Event occurred" object="default/falcon-pod-03" fieldPath="" kind="Pod" apiVersion="v1" type="Normal" reason="Reconfig" message="Pod falcon-pod-03 needs reconfiguration"
I1013 13:31:28.991927       1 schedule_one.go:252] "Successfully bound pod to node" pod="default/falcon-pod-03" node="css-host-128" evaluatedNodes=2 feasibleNodes=2
I1013 13:41:33.777748       1 log.go:194] falcon-pod-01 in Prefilter
I1013 13:41:33.777786       1 log.go:194] falcon-pod-01 requires 5 gpu(s), and currently has 8 gpus(s) in total
I1013 13:41:33.785745       1 log.go:194] css-host-128 has 4 gpu, falcon-pod-01 requires 5 gpu -> score: -1
I1013 13:41:33.785790       1 log.go:194] css-host-129 has 4 gpu, falcon-pod-01 requires 5 gpu -> score: -1
I1013 13:41:33.797467       1 event.go:307] "Event occurred" object="default/falcon-pod-01" fieldPath="" kind="Pod" apiVersion="v1" type="Normal" reason="Reconfig" message="Pod falcon-pod-01 needs reconfiguration"
I1013 13:42:02.386039       1 schedule_one.go:252] "Successfully bound pod to node" pod="default/falcon-pod-01" node="css-host-128" evaluatedNodes=2 feasibleNodes=2
I1013 13:42:50.610824       1 log.go:194] falcon-pod-02 in Prefilter
I1013 13:42:50.610855       1 log.go:194] falcon-pod-02 requires 4 gpu(s), and currently has 9 gpus(s) in total
I1013 13:42:50.618212       1 log.go:194] css-host-128 has 6 gpu, falcon-pod-02 requires 4 gpu -> score: 66
I1013 13:42:50.618260       1 log.go:194] css-host-129 has 3 gpu, falcon-pod-02 requires 4 gpu -> score: -1
I1013 13:42:50.625688       1 schedule_one.go:252] "Successfully bound pod to node" pod="default/falcon-pod-02" node="css-host-128" evaluatedNodes=2 feasibleNodes=2
I1013 13:43:17.810001       1 log.go:194] falcon-pod-03 in Prefilter
I1013 13:43:17.810042       1 log.go:194] falcon-pod-03 requires 4 gpu(s), and currently has 1 gpus(s) in total
I1013 13:43:17.817525       1 schedule_one.go:867] "Unable to schedule pod; no fit; waiting" pod="default/falcon-pod-03" err="0/2 nodes are available: falcon-pod-03 requires 4 gpu but only 1 gpu in the pool.. preemption: 0/2 nodes are available: 2 No preemption victims found for incoming pod.."
E1013 13:43:17.817608       1 schedule_one.go:902] "Error occurred" err="Pod default/falcon-pod-03 is already present in the active queue"
I1013 13:43:17.827449       1 log.go:194] falcon-pod-03 in Prefilter
I1013 13:43:17.827479       1 log.go:194] falcon-pod-03 requires 4 gpu(s), and currently has 1 gpus(s) in total
I1013 13:43:17.834008       1 schedule_one.go:867] "Unable to schedule pod; no fit; waiting" pod="default/falcon-pod-03" err="0/2 nodes are available: falcon-pod-03 requires 4 gpu but only 1 gpu in the pool.. preemption: 0/2 nodes are available: 2 No preemption victims found for incoming pod.."
E1013 13:43:17.834086       1 schedule_one.go:902] "Error occurred" err="Pod default/falcon-pod-03 is already present in the active queue"
I1013 13:43:17.839046       1 log.go:194] falcon-pod-03 in Prefilter
I1013 13:43:17.839066       1 log.go:194] falcon-pod-03 requires 4 gpu(s), and currently has 1 gpus(s) in total
I1013 13:43:17.844059       1 schedule_one.go:867] "Unable to schedule pod; no fit; waiting" pod="default/falcon-pod-03" err="0/2 nodes are available: falcon-pod-03 requires 4 gpu but only 1 gpu in the pool.. preemption: 0/2 nodes are available: 2 No preemption victims found for incoming pod.."
I1013 13:45:12.751385       1 log.go:194] falcon-pod-03 in Prefilter
I1013 13:45:12.751415       1 log.go:194] falcon-pod-03 requires 4 gpu(s), and currently has 8 gpus(s) in total
I1013 13:45:12.757613       1 log.go:194] css-host-128 has 5 gpu, falcon-pod-03 requires 4 gpu -> score: 80
I1013 13:45:12.757646       1 log.go:194] css-host-129 has 3 gpu, falcon-pod-03 requires 4 gpu -> score: -1
I1013 13:45:12.765326       1 schedule_one.go:252] "Successfully bound pod to node" pod="default/falcon-pod-03" node="css-host-128" evaluatedNodes=2 feasibleNodes=2
I1013 13:49:12.983535       1 log.go:194] falcon-pod-02 in Prefilter
I1013 13:49:12.983564       1 log.go:194] falcon-pod-02 requires 4 gpu(s), and currently has 8 gpus(s) in total
I1013 13:49:12.989947       1 log.go:194] css-host-128 has 5 gpu, falcon-pod-02 requires 4 gpu -> score: 80
I1013 13:49:12.989976       1 log.go:194] css-host-129 has 3 gpu, falcon-pod-02 requires 4 gpu -> score: -1
I1013 13:49:12.998683       1 schedule_one.go:252] "Successfully bound pod to node" pod="default/falcon-pod-02" node="css-host-128" evaluatedNodes=2 feasibleNodes=2
I1013 13:49:32.280833       1 log.go:194] falcon-pod-03 in Prefilter
I1013 13:49:32.280863       1 log.go:194] falcon-pod-03 requires 4 gpu(s), and currently has 4 gpus(s) in total
I1013 13:49:32.287075       1 log.go:194] css-host-129 has 3 gpu, falcon-pod-03 requires 4 gpu -> score: -1
I1013 13:49:32.287103       1 log.go:194] css-host-128 has 1 gpu, falcon-pod-03 requires 4 gpu -> score: -3
I1013 13:49:32.296311       1 event.go:307] "Event occurred" object="default/falcon-pod-03" fieldPath="" kind="Pod" apiVersion="v1" type="Normal" reason="Reconfig" message="Pod falcon-pod-03 needs reconfiguration"
I1013 13:49:50.689546       1 schedule_one.go:252] "Successfully bound pod to node" pod="default/falcon-pod-03" node="css-host-129" evaluatedNodes=2 feasibleNodes=2
I1013 13:59:23.801887       1 log.go:194] falcon-pod-01 in Prefilter
I1013 13:59:23.801921       1 log.go:194] falcon-pod-01 requires 5 gpu(s), and currently has 8 gpus(s) in total
I1013 13:59:23.809191       1 log.go:194] css-host-128 has 4 gpu, falcon-pod-01 requires 5 gpu -> score: -1
I1013 13:59:23.809238       1 log.go:194] css-host-129 has 4 gpu, falcon-pod-01 requires 5 gpu -> score: -1
I1013 13:59:23.821734       1 event.go:307] "Event occurred" object="default/falcon-pod-01" fieldPath="" kind="Pod" apiVersion="v1" type="Normal" reason="Reconfig" message="Pod falcon-pod-01 needs reconfiguration"
I1013 13:59:46.013208       1 schedule_one.go:252] "Successfully bound pod to node" pod="default/falcon-pod-01" node="css-host-128" evaluatedNodes=2 feasibleNodes=2
I1013 14:00:26.942672       1 log.go:194] falcon-pod-02 in Prefilter
I1013 14:00:26.942705       1 log.go:194] falcon-pod-02 requires 4 gpu(s), and currently has 8 gpus(s) in total
I1013 14:00:26.949662       1 log.go:194] css-host-128 has 5 gpu, falcon-pod-02 requires 4 gpu -> score: 80
I1013 14:00:26.949696       1 log.go:194] css-host-129 has 3 gpu, falcon-pod-02 requires 4 gpu -> score: -1
I1013 14:00:26.958130       1 schedule_one.go:252] "Successfully bound pod to node" pod="default/falcon-pod-02" node="css-host-128" evaluatedNodes=2 feasibleNodes=2
I1013 14:10:36.462412       1 log.go:194] falcon-pod-02 in Prefilter
I1013 14:10:36.462444       1 log.go:194] falcon-pod-02 requires 4 gpu(s), and currently has 8 gpus(s) in total
I1013 14:10:36.469760       1 log.go:194] css-host-128 has 5 gpu, falcon-pod-02 requires 4 gpu -> score: 80
I1013 14:10:36.469816       1 log.go:194] css-host-129 has 3 gpu, falcon-pod-02 requires 4 gpu -> score: -1
I1013 14:10:36.477436       1 schedule_one.go:252] "Successfully bound pod to node" pod="default/falcon-pod-02" node="css-host-128" evaluatedNodes=2 feasibleNodes=2
I1013 14:10:59.494261       1 log.go:194] falcon-pod-03 in Prefilter
I1013 14:10:59.494295       1 log.go:194] falcon-pod-03 requires 4 gpu(s), and currently has 4 gpus(s) in total
I1013 14:10:59.501380       1 log.go:194] css-host-128 has 1 gpu, falcon-pod-03 requires 4 gpu -> score: -3
I1013 14:10:59.501410       1 log.go:194] css-host-129 has 3 gpu, falcon-pod-03 requires 4 gpu -> score: -1
I1013 14:10:59.511832       1 event.go:307] "Event occurred" object="default/falcon-pod-03" fieldPath="" kind="Pod" apiVersion="v1" type="Normal" reason="Reconfig" message="Pod falcon-pod-03 needs reconfiguration"
I1013 14:11:18.901781       1 schedule_one.go:252] "Successfully bound pod to node" pod="default/falcon-pod-03" node="css-host-129" evaluatedNodes=2 feasibleNodes=2
I1013 14:13:16.935877       1 log.go:194] falcon-pod-01 in Prefilter
I1013 14:13:16.935911       1 log.go:194] falcon-pod-01 requires 5 gpu(s), and currently has 8 gpus(s) in total
I1013 14:13:16.943756       1 log.go:194] css-host-128 has 4 gpu, falcon-pod-01 requires 5 gpu -> score: -1
I1013 14:13:16.943842       1 log.go:194] css-host-129 has 4 gpu, falcon-pod-01 requires 5 gpu -> score: -1
I1013 14:13:16.955544       1 event.go:307] "Event occurred" object="default/falcon-pod-01" fieldPath="" kind="Pod" apiVersion="v1" type="Normal" reason="Reconfig" message="Pod falcon-pod-01 needs reconfiguration"
I1013 14:13:43.943717       1 schedule_one.go:252] "Successfully bound pod to node" pod="default/falcon-pod-01" node="css-host-128" evaluatedNodes=2 feasibleNodes=2
I1013 14:15:06.291540       1 log.go:194] falcon-pod-02 in Prefilter
I1013 14:15:06.291570       1 log.go:194] falcon-pod-02 requires 4 gpu(s), and currently has 8 gpus(s) in total
I1013 14:15:06.299541       1 log.go:194] css-host-129 has 3 gpu, falcon-pod-02 requires 4 gpu -> score: -1
I1013 14:15:06.299571       1 log.go:194] css-host-128 has 5 gpu, falcon-pod-02 requires 4 gpu -> score: 80
I1013 14:15:06.308057       1 schedule_one.go:252] "Successfully bound pod to node" pod="default/falcon-pod-02" node="css-host-128" evaluatedNodes=2 feasibleNodes=2
I1013 14:15:27.602335       1 log.go:194] falcon-pod-03 in Prefilter
I1013 14:15:27.602367       1 log.go:194] falcon-pod-03 requires 4 gpu(s), and currently has 4 gpus(s) in total
I1013 14:15:27.609127       1 log.go:194] css-host-128 has 1 gpu, falcon-pod-03 requires 4 gpu -> score: -3
I1013 14:15:27.609157       1 log.go:194] css-host-129 has 3 gpu, falcon-pod-03 requires 4 gpu -> score: -1
I1013 14:15:27.619548       1 event.go:307] "Event occurred" object="default/falcon-pod-03" fieldPath="" kind="Pod" apiVersion="v1" type="Normal" reason="Reconfig" message="Pod falcon-pod-03 needs reconfiguration"
I1013 14:15:55.011010       1 schedule_one.go:252] "Successfully bound pod to node" pod="default/falcon-pod-03" node="css-host-129" evaluatedNodes=2 feasibleNodes=2
