"annotations": {
"dst_node": "css-host-128",
"gpu_demand": "1",
"use_falcon": "true"
},
"creationTimestamp": "2023-10-13T14:13:16Z",
"name": "falcon-pod-01",
I1013 14:13:16.935877       1 log.go:194] falcon-pod-01 in Prefilter
I1013 14:13:16.935911       1 log.go:194] falcon-pod-01 requires 5 gpu(s), and currently has 8 gpus(s) in total
I1013 14:13:16.943756       1 log.go:194] css-host-128 has 4 gpu, falcon-pod-01 requires 5 gpu -> score: -1
I1013 14:13:16.943842       1 log.go:194] css-host-129 has 4 gpu, falcon-pod-01 requires 5 gpu -> score: -1
I1013 14:13:16.955544       1 event.go:307] "Event occurred" object="default/falcon-pod-01" fieldPath="" kind="Pod" apiVersion="v1" type="Normal" reason="Reconfig" message="Pod falcon-pod-01 needs reconfiguration"

2023/10/13 14:13:16 reconfig event: Pod, falcon-pod-01, Reconfig
2023/10/13 14:13:16 update GPU availability: 30.991893ms
2023/10/13 14:13:19 update device duration: 2.991360959s
2023/10/13 14:13:26 unassign duration: 6.086896657s
2023/10/13 14:13:34 assign duration: 7.986569432s
2023/10/13 14:13:34 reconfig total time: 17.099863302s
time="2023-10-13T14:13:35Z" level=info msg="num: 5 time: 7.930781881s next check: 0s"
time="2023-10-13T14:13:35Z" level=info msg="[GPU-16a0c321-fc4f-fd47-26e7-770eb9ecf5f9 GPU-3c4fb29f-7325-f918-d89c-084991e91432 GPU-3d0e8f04-ef5e-7c97-365c-3139c5637b11 GPU-4e2579c9-a8d8-fdcb-96ac-44a868d4f832 GPU-714e2eba-0116-4672-d40e-8e226dc50254] [&Device{ID:1-000C00,Health:Healthy,Topology:nil,} &Device{ID:0-001300,Health:Healthy,Topology:nil,} &Device{ID:0-000500,Health:Healthy,Topology:nil,} &Device{ID:1-001300,Health:Healthy,Topology:nil,} &Device{ID:1-000500,Health:Healthy,Topology:nil,}]"
I1013 14:13:43.943717       1 schedule_one.go:252] "Successfully bound pod to node" pod="default/falcon-pod-01" node="css-host-128" evaluatedNodes=2 feasibleNodes=2
"startTime": "2023-10-13T14:13:43Z"


"metadata": {
"annotations": {
"use_falcon": "true"
},
"creationTimestamp": "2023-10-13T14:15:06Z",
"name": "falcon-pod-02",
I1013 14:15:06.291540       1 log.go:194] falcon-pod-02 in Prefilter
I1013 14:15:06.291570       1 log.go:194] falcon-pod-02 requires 4 gpu(s), and currently has 8 gpus(s) in total
I1013 14:15:06.299541       1 log.go:194] css-host-129 has 3 gpu, falcon-pod-02 requires 4 gpu -> score: -1
I1013 14:15:06.299571       1 log.go:194] css-host-128 has 5 gpu, falcon-pod-02 requires 4 gpu -> score: 80
I1013 14:15:06.308057       1 schedule_one.go:252] "Successfully bound pod to node" pod="default/falcon-pod-02" node="css-host-128" evaluatedNodes=2 feasibleNodes=2
"startTime": "2023-10-13T14:15:06Z"


"annotations": {
"dst_node": "css-host-129",
"gpu_demand": "1",
"use_falcon": "true"
},
"creationTimestamp": "2023-10-13T14:15:27Z",
"name": "falcon-pod-03",
I1013 14:15:27.602335       1 log.go:194] falcon-pod-03 in Prefilter
I1013 14:15:27.602367       1 log.go:194] falcon-pod-03 requires 4 gpu(s), and currently has 4 gpus(s) in total
I1013 14:15:27.609127       1 log.go:194] css-host-128 has 1 gpu, falcon-pod-03 requires 4 gpu -> score: -3
I1013 14:15:27.609157       1 log.go:194] css-host-129 has 3 gpu, falcon-pod-03 requires 4 gpu -> score: -1
I1013 14:15:27.619548       1 event.go:307] "Event occurred" object="default/falcon-pod-03" fieldPath="" kind="Pod" apiVersion="v1" type="Normal" reason="Reconfig" message="Pod falcon-pod-03 needs reconfiguration"
2023/10/13 14:15:27 reconfig event: Pod, falcon-pod-03, Reconfig
2023/10/13 14:15:27 update GPU availability: 234.987742ms
2023/10/13 14:15:32 update device duration: 4.278506404s
2023/10/13 14:15:38 unassign duration: 6.568397123s
2023/10/13 14:15:49 assign duration: 10.532345162s
2023/10/13 14:15:49 reconfig total time: 21.618751377s
time="2023-10-13T14:15:51Z" level=info msg="num: 4 time: 7.104624259s next check: 0s"
time="2023-10-13T14:15:51Z" level=info msg="[GPU-03ac85fc-b0a0-ce2f-7363-61217c59c625 GPU-714e2eba-0116-4672-d40e-8e226dc50254 GPU-a13707d8-d82e-f4bc-cf77-eaf4041be4d4 GPU-ff8b9fd0-3617-4bfe-9293-992f2057d9b4] [&Device{ID:0-001800,Health:Healthy,Topology:nil,} &Device{ID:1-000500,Health:Healthy,Topology:nil,} &Device{ID:1-001800,Health:Healthy,Topology:nil,} &Device{ID:0-000C00,Health:Healthy,Topology:nil,}]"
"startTime": "2023-10-13T14:15:55Z"